Reading  ../outputs/PoisDatons32x32EEMC2vsNullModel_Strt1.00_viaFits.param  with length: 2000
Status of file open: 

HEADER:  0 #
HEADER:  1 # Code will run in posterior sampling mode.
HEADER:  2 #
HEADER:  3 # A scale parameter will be fit to the bkg model.
HEADER:  4 #
HEADER:  5 # The total number of Gibbs draws is 2000, every 5th draws will be saved.
HEADER:  6 #
HEADER:  7 # The model will be fit using the Multi Scale Prior.
HEADER:  8 #
HEADER:  9 # The data matrix is 32 by 32.
HEADER:  10 #
HEADER:  11 # The data file should contain a  2^5 by 2^5 matrix of counts.
HEADER:  12 #
HEADER:  13 # Starting Values for the smoothing parameter (alpha):
HEADER:  14 # Aggregation Level:  0,   alpha: 3 (Full Data)
HEADER:  15 # Aggregation Level:  1,   alpha: 4
HEADER:  16 # Aggregation Level:  2,   alpha: 5
HEADER:  17 # Aggregation Level:  3,   alpha: 6
HEADER:  18 # Aggregation Level:  4,   alpha: 7  (In the 2x2 table)
HEADER:  19 #
HEADER:  20 # The prior distribution on the total count from the multiscale component is
HEADER:  21 # Gamma(1.000000, 0.050000).
HEADER:  22 #
HEADER:  23 # The hyper-prior smoothing parameter (kappa 2) is 1000.
HEADER:  24 #
TITLES:   ['iteration', 'logPost', 'stepSize', 'cycleSpinRow', 'cycleSpinCol', 'smoothingParam0', 'smoothingParam1', 'smoothingParam2', 'smoothingParam3', 'smoothingParam4', 'expectedMSCounts', 'bkgScale']
Warning: input/file mismatch. Expected  2000  sample paramlists,  but got  400
 Using minimum of the two.
At end of ScnTxt: paramlist shape is:  (12, 400)
['iteration', 'logPost', 'stepSize', 'cycleSpinRow', 'cycleSpinCol', 'smoothingParam0', 'smoothingParam1', 'smoothingParam2', 'smoothingParam3', 'smoothingParam4', 'expectedMSCounts', 'bkgScale']
[    5.    10.    15.    20.    25.    30.    35.    40.    45.    50.
    55.    60.    65.    70.    75.    80.    85.    90.    95.   100.
   105.   110.   115.   120.   125.   130.   135.   140.   145.   150.
   155.   160.   165.   170.   175.   180.   185.   190.   195.   200.
   205.   210.   215.   220.   225.   230.   235.   240.   245.   250.
   255.   260.   265.   270.   275.   280.   285.   290.   295.   300.
   305.   310.   315.   320.   325.   330.   335.   340.   345.   350.
   355.   360.   365.   370.   375.   380.   385.   390.   395.   400.
   405.   410.   415.   420.   425.   430.   435.   440.   445.   450.
   455.   460.   465.   470.   475.   480.   485.   490.   495.   500.
   505.   510.   515.   520.   525.   530.   535.   540.   545.   550.
   555.   560.   565.   570.   575.   580.   585.   590.   595.   600.
   605.   610.   615.   620.   625.   630.   635.   640.   645.   650.
   655.   660.   665.   670.   675.   680.   685.   690.   695.   700.
   705.   710.   715.   720.   725.   730.   735.   740.   745.   750.
   755.   760.   765.   770.   775.   780.   785.   790.   795.   800.
   805.   810.   815.   820.   825.   830.   835.   840.   845.   850.
   855.   860.   865.   870.   875.   880.   885.   890.   895.   900.
   905.   910.   915.   920.   925.   930.   935.   940.   945.   950.
   955.   960.   965.   970.   975.   980.   985.   990.   995.  1000.
  1005.  1010.  1015.  1020.  1025.  1030.  1035.  1040.  1045.  1050.
  1055.  1060.  1065.  1070.  1075.  1080.  1085.  1090.  1095.  1100.
  1105.  1110.  1115.  1120.  1125.  1130.  1135.  1140.  1145.  1150.
  1155.  1160.  1165.  1170.  1175.  1180.  1185.  1190.  1195.  1200.
  1205.  1210.  1215.  1220.  1225.  1230.  1235.  1240.  1245.  1250.
  1255.  1260.  1265.  1270.  1275.  1280.  1285.  1290.  1295.  1300.
  1305.  1310.  1315.  1320.  1325.  1330.  1335.  1340.  1345.  1350.
  1355.  1360.  1365.  1370.  1375.  1380.  1385.  1390.  1395.  1400.
  1405.  1410.  1415.  1420.  1425.  1430.  1435.  1440.  1445.  1450.
  1455.  1460.  1465.  1470.  1475.  1480.  1485.  1490.  1495.  1500.
  1505.  1510.  1515.  1520.  1525.  1530.  1535.  1540.  1545.  1550.
  1555.  1560.  1565.  1570.  1575.  1580.  1585.  1590.  1595.  1600.
  1605.  1610.  1615.  1620.  1625.  1630.  1635.  1640.  1645.  1650.
  1655.  1660.  1665.  1670.  1675.  1680.  1685.  1690.  1695.  1700.
  1705.  1710.  1715.  1720.  1725.  1730.  1735.  1740.  1745.  1750.
  1755.  1760.  1765.  1770.  1775.  1780.  1785.  1790.  1795.  1800.
  1805.  1810.  1815.  1820.  1825.  1830.  1835.  1840.  1845.  1850.
  1855.  1860.  1865.  1870.  1875.  1880.  1885.  1890.  1895.  1900.
  1905.  1910.  1915.  1920.  1925.  1930.  1935.  1940.  1945.  1950.
  1955.  1960.  1965.  1970.  1975.  1980.  1985.  1990.  1995.  2000.]
[ -1.46977000e+003  -1.49408000e+003  -1.58210000e+003  -1.52831000e+003
  -1.50363000e+003  -1.57039000e+003  -1.49658000e+003  -1.48378000e+003
  -1.48304000e+003  -1.47716000e+003  -1.52778000e+003  -1.79769313e+308
  -1.47520000e+003  -1.49925000e+003  -1.79769313e+308  -1.50176000e+003
  -1.54472000e+003  -1.55689000e+003  -1.52648000e+003  -1.54982000e+003
  -1.52273000e+003  -1.55993000e+003  -1.79769313e+308  -1.52600000e+003
  -1.59360000e+003  -1.50379000e+003  -1.48951000e+003  -1.51474000e+003
  -1.48791000e+003  -1.52630000e+003  -1.49010000e+003  -1.79769313e+308
  -1.49831000e+003  -1.49629000e+003  -1.53701000e+003  -1.50749000e+003
  -1.48993000e+003  -1.56650000e+003  -1.52865000e+003  -1.50992000e+003
  -1.79769313e+308  -1.51671000e+003  -1.50550000e+003  -1.79769313e+308
  -1.53396000e+003  -1.54993000e+003  -1.79769313e+308  -1.44585000e+003
  -1.50627000e+003  -1.46509000e+003  -1.51685000e+003  -1.59048000e+003
  -1.51577000e+003  -1.52511000e+003  -1.79769313e+308  -1.53282000e+003
  -1.50130000e+003  -1.54154000e+003  -1.55410000e+003  -1.52416000e+003
  -1.54215000e+003  -1.55715000e+003  -1.45970000e+003  -1.45693000e+003
  -1.79769313e+308  -1.52976000e+003  -1.79769313e+308  -1.50489000e+003
  -1.79769313e+308  -1.53378000e+003  -1.50515000e+003  -1.53546000e+003
  -1.49680000e+003  -1.48575000e+003  -1.51257000e+003  -1.52458000e+003
  -1.46392000e+003  -1.47134000e+003  -1.56672000e+003  -1.53408000e+003
  -1.53434000e+003  -1.53119000e+003  -1.54564000e+003  -1.57251000e+003
  -1.45253000e+003  -1.48929000e+003  -1.79769313e+308  -1.49880000e+003
  -1.55700000e+003  -1.50299000e+003  -1.59412000e+003  -1.49719000e+003
  -1.52692000e+003  -1.54348000e+003  -1.50423000e+003  -1.54021000e+003
  -1.50045000e+003  -1.55507000e+003  -1.51892000e+003  -1.52329000e+003
  -1.49404000e+003  -1.51827000e+003  -1.55776000e+003  -1.50732000e+003
  -1.50063000e+003  -1.49931000e+003  -1.79769313e+308  -1.53566000e+003
  -1.54783000e+003  -1.53309000e+003  -1.48695000e+003  -1.49310000e+003
  -1.53991000e+003  -1.53659000e+003  -1.55163000e+003  -1.55078000e+003
  -1.52920000e+003  -1.47762000e+003  -1.55634000e+003  -1.53031000e+003
  -1.53785000e+003  -1.79769313e+308  -1.79769313e+308  -1.54099000e+003
  -1.49111000e+003  -1.47317000e+003  -1.45727000e+003  -1.50914000e+003
  -1.54967000e+003  -1.53168000e+003  -1.49697000e+003  -1.46333000e+003
  -1.50930000e+003  -1.53778000e+003  -1.54236000e+003  -1.79769313e+308
  -1.53380000e+003  -1.48841000e+003  -1.49589000e+003  -1.52134000e+003
  -1.46306000e+003  -1.48236000e+003  -1.53850000e+003  -1.48456000e+003
  -1.51486000e+003  -1.51762000e+003  -1.51207000e+003  -1.45637000e+003
  -1.50466000e+003  -1.55794000e+003  -1.57367000e+003  -1.51507000e+003
  -1.46912000e+003  -1.51174000e+003  -1.48157000e+003  -1.50379000e+003
  -1.49652000e+003  -1.49677000e+003  -1.52164000e+003  -1.44816000e+003
  -1.50903000e+003  -1.79769313e+308  -1.50589000e+003  -1.55586000e+003
  -1.53125000e+003  -1.54896000e+003  -1.54455000e+003  -1.79769313e+308
  -1.50301000e+003  -1.48432000e+003  -1.57857000e+003  -1.79769313e+308
  -1.79769313e+308  -1.54447000e+003  -1.50240000e+003  -1.79769313e+308
  -1.44114000e+003  -1.79769313e+308  -1.53775000e+003  -1.55494000e+003
  -1.49818000e+003  -1.79769313e+308  -1.50415000e+003  -1.50680000e+003
  -1.48298000e+003  -1.48511000e+003  -1.50804000e+003  -1.52658000e+003
  -1.55529000e+003  -1.55880000e+003  -1.46973000e+003  -1.55165000e+003
  -1.56878000e+003  -1.53333000e+003  -1.47939000e+003  -1.79769313e+308
  -1.49473000e+003  -1.55517000e+003  -1.56155000e+003  -1.79769313e+308
  -1.52102000e+003  -1.52016000e+003  -1.54758000e+003  -1.55592000e+003
  -1.52095000e+003  -1.79769313e+308  -1.50708000e+003  -1.53956000e+003
  -1.48084000e+003  -1.54958000e+003  -1.56138000e+003  -1.79769313e+308
  -1.48696000e+003  -1.51265000e+003  -1.49628000e+003  -1.54400000e+003
  -1.49401000e+003  -1.48462000e+003  -1.79769313e+308  -1.58331000e+003
  -1.53874000e+003  -1.48566000e+003  -1.56722000e+003  -1.79769313e+308
  -1.57868000e+003  -1.50097000e+003  -1.51967000e+003  -1.57365000e+003
  -1.49891000e+003  -1.53313000e+003  -1.54349000e+003  -1.49285000e+003
  -1.56165000e+003  -1.51109000e+003  -1.49204000e+003  -1.55837000e+003
  -1.55226000e+003  -1.54043000e+003  -1.52324000e+003  -1.51447000e+003
  -1.48887000e+003  -1.55773000e+003  -1.79769313e+308  -1.55827000e+003
  -1.54881000e+003  -1.52438000e+003  -1.58726000e+003  -1.61760000e+003
  -1.48325000e+003  -1.54974000e+003  -1.51860000e+003  -1.53598000e+003
  -1.52004000e+003  -1.54938000e+003  -1.54679000e+003  -1.52267000e+003
  -1.49584000e+003  -1.60007000e+003  -1.53568000e+003  -1.52876000e+003
  -1.55145000e+003  -1.58835000e+003  -1.50036000e+003  -1.54828000e+003
  -1.53279000e+003  -1.79769313e+308  -1.53050000e+003  -1.52300000e+003
  -1.56144000e+003  -1.52207000e+003  -1.79769313e+308  -1.54296000e+003
  -1.53575000e+003  -1.56734000e+003  -1.52645000e+003  -1.79769313e+308
  -1.49694000e+003  -1.51702000e+003  -1.50460000e+003  -1.45258000e+003
  -1.55987000e+003  -1.54872000e+003  -1.49807000e+003  -1.51568000e+003
  -1.50700000e+003  -1.56516000e+003  -1.52262000e+003  -1.47094000e+003
  -1.54445000e+003  -1.49220000e+003  -1.50579000e+003  -1.79769313e+308
  -1.52334000e+003  -1.79769313e+308  -1.79769313e+308  -1.46435000e+003
  -1.54721000e+003  -1.79769313e+308  -1.53051000e+003  -1.53562000e+003
  -1.55046000e+003  -1.49680000e+003  -1.48998000e+003  -1.53011000e+003
  -1.47181000e+003  -1.57247000e+003  -1.55434000e+003  -1.49893000e+003
  -1.55227000e+003  -1.48429000e+003  -1.54795000e+003  -1.55462000e+003
  -1.56459000e+003  -1.55564000e+003  -1.56202000e+003  -1.51672000e+003
  -1.51962000e+003  -1.56195000e+003  -1.52945000e+003  -1.52126000e+003
  -1.56400000e+003  -1.52478000e+003  -1.51867000e+003  -1.49282000e+003
  -1.79769313e+308  -1.52657000e+003  -1.48782000e+003  -1.51646000e+003
  -1.52535000e+003  -1.54030000e+003  -1.51741000e+003  -1.53588000e+003
  -1.55504000e+003  -1.79769313e+308  -1.51053000e+003  -1.51840000e+003
  -1.50414000e+003  -1.79769313e+308  -1.49919000e+003  -1.49095000e+003
  -1.48820000e+003  -1.49889000e+003  -1.52814000e+003  -1.47250000e+003
  -1.50847000e+003  -1.54603000e+003  -1.52597000e+003  -1.55284000e+003
  -1.50980000e+003  -1.52304000e+003  -1.53035000e+003  -1.49872000e+003
  -1.52218000e+003  -1.79769313e+308  -1.51398000e+003  -1.46729000e+003
  -1.59981000e+003  -1.54052000e+003  -1.49394000e+003  -1.43892000e+003
  -1.50143000e+003  -1.48320000e+003  -1.51783000e+003  -1.48136000e+003
  -1.51842000e+003  -1.45696000e+003  -1.79769313e+308  -1.49890000e+003
  -1.57779000e+003  -1.52984000e+003  -1.49807000e+003  -1.54211000e+003
  -1.48367000e+003  -1.79769313e+308  -1.51221000e+003  -1.51161000e+003
  -1.52283000e+003  -1.52313000e+003  -1.49957000e+003  -1.51390000e+003
  -1.55790000e+003  -1.58247000e+003  -1.51727000e+003  -1.52121000e+003
  -1.54493000e+003  -1.50083000e+003  -1.59974000e+003  -1.48101000e+003
  -1.79769313e+308  -1.52541000e+003  -1.52369000e+003  -1.49528000e+003
  -1.55436000e+003  -1.79769313e+308  -1.48225000e+003  -1.49155000e+003
  -1.46531000e+003  -1.49925000e+003  -1.48493000e+003  -1.47629000e+003]
[  9.51292923e+001  -6.52049853e+001  -8.42706958e+001   2.33086849e+001
   7.63525279e+000  -5.40731116e+001   1.79769313e+308   7.64658055e+001
  -1.34510578e+001   1.50218060e+001  -7.52064558e+000   0.00000000e+000
   4.98344910e+001   1.63681824e+001   0.00000000e+000  -3.46274667e+001
   3.36587945e+000   4.86680384e+001   1.53653282e+001  -2.35682403e+001
   1.79769313e+308  -1.97528312e+001  -1.79769313e+308   2.54887834e+001
  -4.10503075e+001   3.62672931e+001   6.05764062e+001   6.20198933e+001
   3.72431642e+001   1.79769313e+308  -1.35313017e+001  -1.79769313e+308
   3.04665409e+001   3.56375594e+001  -1.28566341e+001   4.78255324e+001
   6.98284438e+001  -1.26227381e+001   1.91101495e+001   1.79769313e+308
  -1.79769313e+308  -9.24825771e-001   4.84497913e+001   0.00000000e+000
   1.54779301e+001  -1.01842018e+002  -1.79769313e+308   7.95811504e+001
   5.23433963e+001   1.79769313e+308   1.44816945e+000  -4.15353613e+001
  -1.47719091e+001  -1.53029889e+001  -1.79769313e+308   1.79769313e+308
   3.09560216e+001   6.31966419e+000  -4.15266028e+001   1.40143817e+001
  -2.76275431e+001   3.26629239e+001   1.50832294e+002   3.90762830e+001
   0.00000000e+000   1.79769313e+308   0.00000000e+000   2.74240748e+001
  -1.79769313e+308  -1.18033984e+001  -1.20857286e+001  -3.44063446e+001
  -2.12200279e+001   8.48628609e+000   3.92681610e+001   1.79769313e+308
   2.16173983e+001   3.47424762e+001  -5.15313921e+001   1.79769313e+308
  -2.06648979e+001  -1.19032186e+001  -4.88642195e+001   1.01019167e+001
   7.10891467e+001   4.50231793e+001  -1.79769313e+308   1.79769313e+308
   1.12782371e+000   1.79769313e+308   7.68869030e-001   2.21180650e+001
  -2.27154985e+000   5.59781944e+000   3.67130888e+001  -4.32860996e+001
  -2.25318190e+001   1.79769313e+308  -2.36873085e+001  -3.03007588e+000
   7.17050454e+001   1.79769313e+308  -6.29560069e+001  -2.68720026e+001
   1.49609918e+001   8.56892140e+001  -1.79769313e+308  -3.45146368e+001
  -5.00663482e+001  -3.83563915e+001   3.21197670e+001  -8.25334147e-001
  -2.87259855e+001   3.23033559e+001   1.79769313e+308  -6.42098475e+001
  -6.61887586e+000   5.29577511e+001  -5.53592785e+001   5.15877760e+001
  -2.04750714e+001   0.00000000e+000  -1.79769313e+308   2.56364801e+001
   8.57407529e+001   1.00090115e+001   8.73885949e+001   1.11023821e+001
  -6.16407207e+001   3.30203210e+001   8.95145813e+000   6.81822593e+001
   4.21626009e+001  -2.88240401e+001   5.98143311e+001  -1.79769313e+308
   3.71175389e+001  -1.67014515e+000   1.79769313e+308  -3.69720629e+000
   6.90323331e+001   3.30066639e+001  -5.80221051e+001   1.56266133e+001
   2.43869461e+001  -9.83095491e+000  -1.06576979e+001   5.00167694e+001
   4.48294870e+000  -6.38294858e+001  -1.92215831e+001  -8.41154691e+000
   3.30470062e+001   3.57158580e+001   5.49743413e+001   4.14998179e+001
   4.53710175e+001  -1.53186377e+001  -1.90699705e+001   4.63848872e+001
   6.92694420e+001  -1.79769313e+308   7.54658409e+000  -5.03261764e+000
  -1.13766189e+001   4.44892760e+001  -2.70961332e+001  -1.79769313e+308
   1.79769313e+308  -5.87833540e+001  -9.26807343e+001  -1.79769313e+308
  -1.79769313e+308   4.33809791e+001   1.79769313e+308  -1.79769313e+308
   5.53956589e+001  -1.79769313e+308  -3.84126233e-001  -3.86016023e+001
   6.81364024e+001  -1.79769313e+308   1.60703744e+002   7.15388871e+001
   8.47663535e+001   2.71847831e+001   2.90924384e+001  -1.68474749e+001
   1.79769313e+308  -8.27083352e+001   6.55731294e+001  -6.73817261e+001
  -1.13711846e+002  -4.79374095e+001   6.75307541e+001   0.00000000e+000
   3.47255185e+001  -2.55612563e+001  -5.21204967e+001  -1.79769313e+308
   1.98074289e+001  -3.31352854e+001  -2.90405623e+001  -7.52211412e+001
   2.52608806e+001  -1.79769313e+308  -3.45895426e+001  -6.98116374e+000
   1.14279835e+001  -5.14717463e+001   1.79769313e+308  -1.79769313e+308
   1.79769313e+308  -5.93226300e+001   7.91692025e+001  -3.76180418e+000
   1.79769313e+308  -1.62217341e+000  -1.79769313e+308  -6.16301949e+001
  -8.35105710e+001   2.87819451e+001   3.41837483e+001  -1.79769313e+308
  -4.41154096e+001   1.27129431e+001  -6.55519063e+000  -1.80150172e+001
   6.02792291e+001  -4.13172687e+001  -5.37498206e+001   1.10054260e+002
   1.79769313e+308   7.67071562e+001   8.92307652e+000  -1.63411160e+001
   1.14481022e+000   1.79769313e+308  -5.73139450e+001  -5.88351217e+001
   1.79769313e+308  -8.83000151e+001  -1.79769313e+308  -7.43246896e+001
  -4.65132649e+001  -1.89533416e+001  -1.14973315e+002  -9.60190654e+001
   1.96290565e+001  -2.71195520e+001  -4.25139216e+001   1.79769313e+308
   5.63747525e+001  -6.31560735e+001   8.87871347e-001  -5.17923966e+001
   2.88791927e+001  -2.26583550e+001  -5.98174152e+001   2.86596662e+001
   1.79769313e+308   1.79769313e+308   4.24449975e+001  -2.82402065e+001
  -1.92225542e+001  -1.79769313e+308   4.25294167e+000   1.12796095e+002
   1.25277316e+001  -1.93043904e+000  -1.79769313e+308  -9.20273066e+000
   3.46193245e+001  -3.00380214e+001  -6.57614961e+000  -1.79769313e+308
   5.54707943e+001   1.73843001e+001  -2.49248010e+001   9.48217863e+001
  -9.22717551e+000  -5.70520006e+001   3.26346073e+001   1.79769313e+308
  -4.98920886e+000   5.48127999e+000   2.41166336e+001   1.25053417e+002
   2.92147619e+001  -3.82029781e+000   2.66702858e+001  -1.79769313e+308
   1.79769313e+308   0.00000000e+000  -1.79769313e+308   4.81838546e+001
  -5.99549020e+001  -1.79769313e+308   1.79769313e+308   1.29707037e+001
  -1.00621067e+002   1.79769313e+308   1.30444588e+001   7.03066837e+001
   6.14781566e+001  -6.27646333e+001  -5.40108913e+001   4.43757135e+001
  -3.40451709e+000   8.04884747e+001  -8.59634906e+001  -2.16031725e+001
  -3.53055945e+001  -6.10210306e+001  -6.08286369e+001   5.87827829e+001
   7.85816163e+001  -7.19932712e+001   6.56662811e+000   3.70293273e+001
  -4.42082602e+001   2.22768305e+001   1.31980255e+001   1.46678698e+001
  -1.79769313e+308   2.24833927e+000   1.05542922e+002  -1.27805308e+001
   4.95672409e+001   3.56243815e+001  -3.57222540e+001  -2.89057121e+001
  -2.84708445e+001  -1.79769313e+308   4.83120607e+001   2.11070898e+001
  -2.74142921e+001  -1.79769313e+308   9.82656651e+001   1.24213166e+001
   2.67913282e+001   7.80870819e+000  -3.59017111e+001   2.92326657e+001
  -1.16829490e+001  -2.71380407e+001   5.30977768e+001  -3.40731269e+001
   2.20653048e+001   1.79769313e+308  -1.64389288e+001   1.79769313e+308
  -2.16076080e+001  -1.79769313e+308  -3.66896111e+001   6.05222394e+001
  -4.96242063e+001  -7.00400604e+001  -6.82791067e+000   5.83376730e+001
  -5.43295469e+000   1.79769313e+308  -3.31935499e+001   1.79769313e+308
   1.69257475e+001   3.41179592e+001  -1.79769313e+308   3.09783910e+001
  -9.18831495e+000   1.79769313e+308   2.66985164e+001  -7.93526415e+001
   2.11665681e+001   0.00000000e+000   1.40394782e+001  -3.99823224e+001
   3.59153057e+001  -1.39757572e+001  -4.86903608e+001  -3.97092207e+000
  -1.11641336e+001   3.26361796e+000   5.51208518e+001   9.21783964e+000
  -2.87320144e+001   1.42056609e+001  -6.57247338e+001   7.63648420e+001
   0.00000000e+000  -1.08777656e+001  -1.60505062e+001   1.71933876e+001
  -4.35986586e+001  -1.79769313e+308   2.41271042e+001   5.69888151e+001
   1.15923811e+001   3.04636519e+001   8.91474785e+001   3.91173142e+001]
[ 18.  17.  25.  13.  28.  12.   6.  19.  15.   5.   6.  16.  30.   5.  15.
  20.  14.  14.   8.  21.  26.  29.  10.   5.   7.  23.  21.  13.  29.  11.
  15.   1.   4.  30.  24.  30.  16.  19.   4.   4.  19.  10.   0.   6.  28.
  13.  14.  28.  12.   2.   5.  14.  15.   2.  27.   5.  22.  21.  23.  20.
  25.   8.  11.   1.   0.  22.   5.  13.   3.   1.  30.   6.   5.   7.   6.
   8.  24.   3.   6.  19.  10.  23.  21.  21.  14.   4.  31.  23.   4.  24.
  24.   9.  10.  22.   7.  16.  17.  27.   4.  17.  18.   4.  16.  18.  30.
  21.  26.   4.  11.  12.  14.   3.  14.  11.  14.  25.  14.  13.  21.  27.
  12.  22.   7.  13.  11.  11.  13.  17.  26.   3.  15.  19.  26.  16.  20.
  31.  30.  31.  10.  23.  26.  28.  25.  31.  28.  24.   3.  18.  20.  27.
   9.  15.   8.  12.  30.  28.  17.   4.  25.  10.   5.  29.  15.  31.  26.
  21.   8.  28.  20.   5.  26.  25.   4.  14.  10.  21.  30.  15.  11.  15.
  13.  31.   3.  26.  13.  24.  13.   8.  15.  27.  17.   8.  14.  18.   0.
  28.  24.   7.   5.  22.  17.   5.   3.  12.  24.  26.   6.   2.   9.  28.
   8.  17.  10.  21.  10.   8.   4.  28.   0.  30.  15.  26.   8.   2.  17.
  31.  24.  20.  22.  14.   1.  12.   0.   0.  23.   8.   9.  14.  15.  16.
  11.  20.  18.   0.  13.  11.   5.   7.   5.  27.  14.   6.  30.  29.  13.
  16.  21.   4.  17.  21.  16.   0.   6.   9.  17.  20.   7.  14.  24.   6.
   5.  23.  11.  28.   0.  12.   4.  24.   3.  24.  15.   2.  28.  18.  27.
   2.  17.  29.  26.  19.  26.   1.  27.  14.   6.  22.  23.  28.  15.  30.
  18.  19.   2.  11.  26.  11.  15.  21.  27.  24.  29.   6.  14.  18.  14.
  27.  11.  15.   7.  24.  22.  14.   6.  18.   9.  27.  30.  26.   0.  12.
  15.  17.  25.  12.  10.  25.   8.   5.  23.  23.  24.  31.  22.  27.  28.
  16.  23.  18.  22.   2.   0.   0.   5.  15.  21.   3.  15.  22.  16.  30.
  10.   3.  26.  13.  25.  30.  24.  30.   5.  16.  20.  21.   6.   2.  11.
  14.  29.   0.  17.   7.   9.   1.   6.   0.  14.  12.  20.   0.  29.  18.
  13.  22.  18.  10.  10.  27.  12.  19.  28.  30.]
[ 15.  30.  30.  25.   0.  26.  31.  25.   6.  16.   7.   9.  29.   8.  13.
  22.  27.  30.  29.   9.  25.  25.  16.   5.   9.  13.   5.  15.  17.  29.
   4.  12.  16.  30.  27.   9.  17.  18.   2.  15.  10.  31.  25.  25.  31.
   6.  10.  30.   7.  18.   7.  12.   4.  21.  21.   1.   9.  17.   2.  17.
   1.   4.   2.   8.   1.  28.  23.  17.  15.   3.  19.  18.  24.  13.   6.
   6.   4.   6.  28.  30.   3.   9.  15.  13.  22.  13.   1.  28.  19.  15.
  12.  20.   2.   3.  26.  26.  16.   4.   5.   3.  27.  12.  15.  26.   9.
  17.  30.  20.   0.  22.  18.  21.  30.  16.  25.   8.  28.   3.  13.  11.
   5.  20.   7.  11.  16.  17.  14.   9.  29.   1.   8.   6.   1.   7.  29.
   9.  16.   5.  10.   0.  13.  12.  13.  31.  19.  10.   8.  23.   1.  28.
   0.  22.  16.   3.   3.   0.   5.  23.   0.  21.  23.  10.  21.  15.  31.
  21.   8.   1.  30.   8.   6.  30.   0.  20.   7.  18.  21.  12.  15.   8.
   5.  15.  24.   4.  10.   0.  28.  16.  16.  13.  13.  18.  11.  24.  12.
  17.  14.  20.  11.  12.  18.  25.   1.   8.  11.   9.  18.   3.  18.  26.
   4.  17.  23.   5.  10.  24.   4.   6.  10.   0.   2.   7.  10.  23.  26.
  19.  10.   8.  12.  23.  10.  15.  16.  20.  29.  17.  24.   9.   4.  31.
  28.  18.  19.  20.   0.   7.  15.  22.  11.   6.   4.  22.  23.  13.  16.
  28.  20.  23.  24.  16.  10.  22.  22.  31.  12.  16.  21.  31.  21.  29.
   2.  16.  26.   9.   4.   9.  12.  20.  28.  25.   9.  11.  16.  26.   5.
  10.  30.   9.  16.  26.  12.   9.  21.  17.   0.  30.  11.  23.   0.   0.
  14.  13.   5.  23.  25.  22.   5.  23.   1.  27.   9.  23.   6.  13.  14.
  23.   3.  10.  20.  29.  13.   3.  15.   9.  17.  18.  14.  27.  27.  27.
  29.  22.  31.   1.  18.  11.  21.  12.  22.   9.  22.  24.  17.   0.  14.
  28.   0.  12.   4.  22.  25.   2.   1.   1.   0.  18.   9.  28.  28.  15.
   5.  13.  15.   9.   1.   4.  10.   4.  14.  11.  24.  21.  17.  28.  10.
  27.   8.   4.  10.  19.  27.  25.  15.  22.   3.   2.  13.  27.  10.  29.
  24.  26.   1.  27.   3.  11.  10.  26.  28.  13.]
[ 0.161287  0.096703  0.111293  0.030514  0.011816  0.0355    0.035137
  0.036899  0.024555  0.029453  0.008439  0.038106  0.054744  0.044365
  0.032093  0.032032  0.057307  0.064208  0.040064  0.023973  0.011998
  0.019178  0.002492  0.040124  0.028573  0.012903  0.0419    0.063207
  0.009216  0.02214   0.077172  0.018367  0.015459  0.05332   0.006646
  0.01894   0.005163  0.030128  0.039307  0.019481  0.014958  0.07273
  0.065646  0.045827  0.020351  0.068933  0.01451   0.046861  0.016167
  0.022096  0.021306  0.046183  0.070437  0.064043  0.002286  0.019559
  0.018529  0.022507  0.014924  0.041891  0.00361   0.0213    0.010177
  0.039152  0.038714  0.018222  0.021649  0.007416  0.009847  0.027545
  0.066831  0.046846  0.038022  0.016779  0.055887  0.019815  0.021405
  0.063101  0.017022  0.021884  0.043305  0.014905  0.042562  0.039019
  0.020292  0.020971  0.027104  0.017422  0.034347  0.075699  0.050331
  0.030176  0.026162  0.098002  0.027702  0.014849  0.048544  0.016266
  0.026952  0.019639  0.032568  0.015306  0.018874  0.020921  0.015294
  0.038192  0.010541  0.021319  0.031394  0.023424  0.022654  0.055988
  0.057774  0.053356  0.049438  0.017401  0.036348  0.052216  0.040101
  0.044227  0.010843  0.008068  0.027354  0.010266  0.033577  0.034052
  0.018791  0.018612  0.02559   0.014681  0.056023  0.040289  0.015341
  0.03872   0.036035  0.010189  0.02682   0.034339  0.051119  0.019195
  0.060056  0.058097  0.030952  0.003723  0.031229  0.02662   0.029544
  0.035782  0.048829  0.075258  0.038955  0.02348   0.016218  0.062945
  0.097099  0.010452  0.012111  0.03968   0.041359  0.024665  0.032377
  0.036605  0.031224  0.014606  0.038772  0.020205  0.062163  0.027956
  0.0032    0.037387  0.036136  0.024025  0.02992   0.033234  0.013052
  0.016883  0.011596  0.036921  0.010364  0.03104   0.067741  0.00556
  0.023697  0.022568  0.023802  0.022719  0.028816  0.043467  0.022773
  0.04745   0.014787  0.068638  0.050018  0.02342   0.01688   0.05451
  0.046977  0.024961  0.017932  0.0138    0.031085  0.055485  0.023335
  0.077971  0.017882  0.034094  0.008801  0.085075  0.058678  0.02281
  0.037772  0.023108  0.022142  0.015481  0.026785  0.033412  0.041247
  0.037072  0.060542  0.050207  0.05963   0.022916  0.024066  0.018387
  0.013491  0.061873  0.023595  0.048339  0.019605  0.021152  0.023062
  0.020932  0.018101  0.074551  0.017631  0.029466  0.003925  0.04683
  0.015782  0.045951  0.012783  0.028721  0.005659  0.03243   0.06216
  0.050689  0.037198  0.075278  0.033443  0.04437   0.038246  0.012035
  0.028518  0.068804  0.023379  0.041287  0.063896  0.045419  0.033068
  0.036442  0.020021  0.075321  0.062684  0.05535   0.018319  0.027931
  0.060613  0.084398  0.005216  0.028132  0.09344   0.06982   0.052921
  0.04484   0.021442  0.040209  0.065928  0.045106  0.075934  0.040537
  0.035691  0.01142   0.041344  0.026873  0.042977  0.033418  0.018986
  0.022458  0.081564  0.023197  0.020142  0.001835  0.025118  0.030359
  0.015046  0.035362  0.020105  0.051288  0.031216  0.012264  0.036491
  0.024117  0.109834  0.024758  0.032169  0.030707  0.016246  0.030673
  0.017565  0.032656  0.065076  0.028069  0.044777  0.021542  0.022732
  0.024793  0.054548  0.063535  0.034644  0.081522  0.057603  0.051381
  0.037915  0.033885  0.032458  0.035766  0.03566   0.049558  0.109515
  0.010077  0.012925  0.026964  0.013174  0.011592  0.035049  0.025683
  0.044634  0.015984  0.012664  0.010477  0.026711  0.028699  0.063132
  0.032525  0.084567  0.140893  0.031153  0.067132  0.069369  0.026717
  0.005222  0.02497   0.019448  0.018063  0.082353  0.049796  0.01999
  0.011896  0.039781  0.024782  0.014895  0.017994  0.048155  0.00668
  0.003771  0.042452  0.06628   0.012064  0.075377  0.03449   0.055243
  0.009943  0.03905   0.006043  0.041578  0.0379    0.030564  0.017724
  0.029056  0.015442  0.058628  0.021506  0.036433  0.068187  0.060143
  0.043898  0.027507  0.011438  0.018423  0.012401  0.004752  0.023164
  0.009269  0.034501  0.032021  0.044602  0.063218  0.049529  0.024205
  0.015515]
[ 0.183523  0.1347    0.082811  0.104103  0.096764  0.075726  0.089043
  0.074021  0.059913  0.126903  0.031456  0.127609  0.054537  0.086302
  0.121729  0.107606  0.057345  0.109549  0.080853  0.131174  0.111774
  0.057654  0.099536  0.074804  0.116975  0.076465  0.097509  0.07818
  0.065253  0.097414  0.088458  0.102199  0.113908  0.042464  0.037481
  0.133807  0.073748  0.078147  0.116783  0.088445  0.068859  0.081148
  0.092012  0.125133  0.099334  0.131465  0.074108  0.097394  0.103662
  0.101701  0.097003  0.096565  0.083678  0.091713  0.116095  0.133969
  0.10693   0.124594  0.092226  0.093788  0.090946  0.13713   0.034284
  0.089928  0.143113  0.092508  0.028697  0.130517  0.106107  0.05813
  0.055017  0.155514  0.105851  0.097898  0.109234  0.049908  0.108535
  0.038849  0.070326  0.079035  0.075764  0.083007  0.078646  0.177709
  0.063017  0.110632  0.107438  0.069168  0.069265  0.097964  0.085689
  0.068123  0.099455  0.099033  0.091175  0.094838  0.101766  0.057191
  0.144709  0.109787  0.071301  0.048982  0.081424  0.091256  0.125878
  0.138533  0.112023  0.091979  0.178002  0.063225  0.100291  0.142989
  0.102645  0.154788  0.111811  0.134956  0.055735  0.103941  0.070525
  0.104485  0.136514  0.138836  0.047465  0.090756  0.113153  0.174377
  0.070194  0.132664  0.065345  0.094474  0.072209  0.109084  0.097816
  0.129925  0.082681  0.153989  0.078788  0.097844  0.096703  0.076793
  0.083095  0.116964  0.13689   0.065821  0.111866  0.067078  0.140032
  0.087031  0.075049  0.096989  0.107462  0.142668  0.129457  0.136058
  0.084071  0.126278  0.075887  0.118901  0.106172  0.10443   0.095552
  0.056052  0.151019  0.125322  0.082993  0.167417  0.134825  0.119226
  0.107613  0.081438  0.085424  0.171368  0.067917  0.088396  0.084302
  0.053361  0.1568    0.104916  0.091688  0.058203  0.086421  0.112347
  0.1207    0.116039  0.061035  0.115345  0.15733   0.116329  0.094198
  0.070318  0.104803  0.087315  0.070809  0.096816  0.119878  0.092547
  0.108447  0.086473  0.107447  0.113415  0.066951  0.106254  0.108067
  0.139864  0.059298  0.138759  0.09597   0.098876  0.098723  0.130862
  0.134572  0.094485  0.066584  0.079833  0.102114  0.111334  0.166718
  0.119436  0.082496  0.095998  0.075583  0.074858  0.132116  0.060428
  0.12646   0.103827  0.129317  0.095409  0.146134  0.133669  0.066026
  0.074753  0.107943  0.122236  0.080319  0.126799  0.092762  0.088158
  0.109502  0.067032  0.110281  0.090679  0.070539  0.075909  0.112983
  0.0902    0.075386  0.090324  0.044621  0.065355  0.12927   0.121654
  0.081578  0.102162  0.091785  0.104722  0.157917  0.12681   0.057405
  0.048626  0.128285  0.087165  0.125462  0.126666  0.16558   0.0953
  0.140432  0.091181  0.078406  0.107316  0.048565  0.046335  0.075154
  0.132416  0.1354    0.122679  0.058249  0.114044  0.094016  0.050741
  0.140014  0.06212   0.159626  0.094242  0.148449  0.097727  0.059816
  0.139767  0.172553  0.06908   0.060739  0.133913  0.076775  0.097057
  0.113572  0.089563  0.083133  0.12169   0.130259  0.087388  0.101987
  0.106856  0.100632  0.095237  0.054695  0.083735  0.075238  0.138089
  0.182028  0.064289  0.14726   0.06984   0.132236  0.097457  0.113064
  0.047839  0.11071   0.119001  0.100014  0.113074  0.10171   0.093494
  0.125744  0.107909  0.14946   0.115969  0.070832  0.059747  0.104539
  0.102948  0.115816  0.078737  0.106754  0.140513  0.110031  0.107404
  0.102694  0.165565  0.064476  0.142534  0.060394  0.094139  0.068773
  0.110123  0.108657  0.128542  0.094749  0.102719  0.105164  0.081533
  0.064164  0.081684  0.129909  0.091557  0.146076  0.099055  0.134109
  0.106466  0.135822  0.081595  0.080533  0.080937  0.081337  0.064848
  0.096058  0.109073  0.068965  0.066353  0.121383  0.100327  0.142006
  0.071691  0.089023  0.052693  0.082893  0.07827   0.09544   0.084326
  0.035365  0.073037  0.105902  0.076406  0.12229   0.116544  0.096173
  0.089618  0.11151   0.08644   0.079358  0.141019  0.046522  0.090201
  0.101609  0.092976  0.090334  0.090812  0.125016  0.104138  0.087229
  0.176658]
[ 0.168328  0.185726  0.175763  0.175998  0.136416  0.175902  0.123606
  0.111994  0.121653  0.118574  0.146615  0.153379  0.11043   0.160731
  0.145099  0.087058  0.085741  0.126369  0.109456  0.095183  0.105171
  0.117558  0.109978  0.143713  0.119856  0.115533  0.094679  0.140416
  0.103194  0.056938  0.1257    0.089661  0.095532  0.106708  0.105595
  0.105754  0.084125  0.060017  0.040353  0.126047  0.126298  0.141703
  0.089125  0.131146  0.159646  0.165466  0.100424  0.153163  0.085077
  0.124317  0.098764  0.106005  0.096994  0.116509  0.067979  0.151449
  0.162977  0.107958  0.15339   0.154777  0.110433  0.108977  0.135477
  0.061075  0.116832  0.102874  0.138685  0.135414  0.078166  0.164532
  0.089146  0.095424  0.075168  0.070106  0.109392  0.081933  0.114354
  0.06483   0.06626   0.112032  0.144587  0.169161  0.101403  0.063034
  0.077888  0.069289  0.109135  0.076039  0.116504  0.140398  0.109399
  0.058819  0.097068  0.149128  0.077008  0.115687  0.090904  0.130411
  0.078224  0.117546  0.068984  0.10083   0.154474  0.114755  0.070143
  0.103668  0.084593  0.091267  0.091234  0.106118  0.131955  0.132344
  0.122424  0.065321  0.108912  0.073155  0.037304  0.083236  0.040394
  0.100014  0.103412  0.123639  0.091072  0.126134  0.09713   0.121519
  0.113727  0.118206  0.118057  0.141312  0.173772  0.06381   0.121019
  0.105353  0.118276  0.108495  0.126364  0.121887  0.087497  0.115771
  0.106104  0.07957   0.074624  0.11646   0.134863  0.110934  0.141595
  0.090566  0.085576  0.067921  0.052896  0.096551  0.09616   0.100016
  0.075595  0.071903  0.108437  0.111117  0.144127  0.047563  0.135698
  0.104676  0.070152  0.121047  0.088579  0.130342  0.080464  0.111277
  0.108041  0.098621  0.117667  0.098776  0.127285  0.061969  0.102027
  0.126544  0.115914  0.125023  0.147986  0.093664  0.058258  0.085722
  0.082657  0.111316  0.14599   0.141082  0.071759  0.047144  0.104883
  0.051293  0.100295  0.098491  0.099825  0.069773  0.051181  0.115863
  0.122696  0.067166  0.102867  0.079386  0.142061  0.13318   0.068443
  0.104761  0.133361  0.132504  0.106548  0.084913  0.104705  0.094852
  0.127312  0.117851  0.09722   0.075553  0.086173  0.115482  0.066713
  0.161896  0.114625  0.173712  0.067807  0.102181  0.087467  0.108138
  0.09612   0.089127  0.10784   0.120467  0.161951  0.183607  0.103433
  0.110736  0.091283  0.090684  0.134561  0.123411  0.092576  0.112535
  0.062382  0.069566  0.046977  0.093614  0.058297  0.059439  0.127766
  0.14413   0.113936  0.100827  0.158957  0.068373  0.175979  0.159109
  0.080198  0.064999  0.148739  0.068895  0.052728  0.136821  0.112145
  0.144203  0.073442  0.12691   0.154066  0.083247  0.0568    0.101149
  0.128194  0.123488  0.104555  0.087565  0.083754  0.135758  0.052844
  0.08013   0.089206  0.141271  0.030174  0.078113  0.126307  0.094323
  0.074203  0.139727  0.101156  0.10249   0.112892  0.153911  0.150084
  0.143039  0.125615  0.09504   0.118401  0.136747  0.05908   0.104997
  0.157173  0.0851    0.077542  0.085209  0.154904  0.138891  0.1466
  0.088632  0.081172  0.119234  0.103178  0.079483  0.127883  0.108202
  0.103646  0.073698  0.136926  0.12496   0.078422  0.076613  0.137782
  0.09367   0.107288  0.102988  0.10906   0.123252  0.074053  0.129893
  0.119319  0.109555  0.164587  0.110421  0.1692    0.086418  0.122907
  0.125703  0.065213  0.128007  0.104166  0.088136  0.091711  0.126375
  0.049826  0.099515  0.108135  0.102327  0.108156  0.105398  0.133211
  0.112847  0.106728  0.124743  0.115128  0.096044  0.130147  0.105003
  0.12933   0.152314  0.12201   0.084756  0.110577  0.052156  0.148458
  0.089969  0.061454  0.042532  0.145565  0.083151  0.094716  0.086999
  0.103798  0.130026  0.129774  0.068011  0.137764  0.101897  0.12558
  0.129048  0.136968  0.067068  0.106382  0.1094    0.098096  0.039061
  0.064809  0.123664  0.156694  0.103796  0.157979  0.140853  0.068964
  0.109661  0.048789  0.147109  0.121878  0.122336  0.150306  0.061718
  0.079888  0.127586  0.084914  0.136897  0.098118  0.146895  0.090553
  0.190856]
[ 0.168132  0.126377  0.102704  0.11554   0.074345  0.117495  0.102996
  0.125567  0.105192  0.086693  0.063233  0.078208  0.105039  0.093767
  0.139178  0.062263  0.079005  0.133086  0.123619  0.112157  0.158775
  0.126536  0.08116   0.066467  0.095589  0.061317  0.125597  0.113276
  0.065185  0.108361  0.075904  0.158972  0.098914  0.036745  0.113821
  0.021376  0.087556  0.061069  0.045416  0.0557    0.129521  0.07184
  0.132181  0.075728  0.068908  0.085966  0.085168  0.071636  0.088439
  0.055631  0.108518  0.110557  0.120407  0.121919  0.109528  0.069289
  0.122166  0.083892  0.109985  0.053899  0.054476  0.025418  0.06427
  0.064255  0.09084   0.111164  0.06635   0.085142  0.099233  0.115111
  0.094861  0.055741  0.114831  0.054755  0.061685  0.135142  0.0406
  0.094339  0.099635  0.124741  0.106484  0.020286  0.11694   0.055087
  0.086157  0.088184  0.103924  0.034623  0.039241  0.019859  0.097206
  0.038418  0.056146  0.066574  0.091404  0.101709  0.096917  0.134994
  0.072226  0.070427  0.083955  0.098793  0.084933  0.149981  0.103104
  0.050499  0.08615   0.035297  0.126225  0.094992  0.146651  0.078745
  0.135209  0.113982  0.09213   0.065907  0.035596  0.10472   0.09213
  0.125131  0.088609  0.021415  0.019985  0.103068  0.084049  0.127776
  0.066551  0.131252  0.098737  0.124729  0.077321  0.129172  0.040405
  0.058119  0.070292  0.108047  0.139482  0.105605  0.031729  0.125507
  0.132237  0.124853  0.086195  0.130543  0.07697   0.10506   0.099857
  0.133106  0.160225  0.073775  0.03735   0.080604  0.078643  0.058038
  0.077739  0.075553  0.109875  0.102401  0.01181   0.099079  0.096455
  0.141523  0.08615   0.097403  0.104314  0.032937  0.117299  0.114103
  0.136684  0.039724  0.090702  0.112114  0.103748  0.093328  0.046835
  0.049543  0.060938  0.134927  0.143248  0.026505  0.107883  0.126335
  0.103834  0.049943  0.093087  0.049498  0.120787  0.047852  0.101692
  0.098494  0.107978  0.046335  0.130519  0.099043  0.093097  0.111868
  0.037119  0.016271  0.103159  0.07478   0.10003   0.099187  0.099604
  0.06568   0.140705  0.11447   0.129742  0.093334  0.106298  0.068135
  0.092803  0.067864  0.046287  0.126366  0.091135  0.06706   0.088477
  0.098744  0.090592  0.091301  0.093877  0.109274  0.115647  0.1566
  0.152709  0.047726  0.113753  0.086129  0.098756  0.127637  0.10048
  0.112853  0.103057  0.141407  0.066835  0.106952  0.116774  0.049751
  0.112498  0.084081  0.14155   0.08382   0.106295  0.106305  0.128546
  0.079888  0.076827  0.081144  0.037498  0.089277  0.046971  0.04422
  0.069082  0.103739  0.076966  0.08128   0.116841  0.155206  0.10381
  0.080931  0.111828  0.080936  0.132587  0.081425  0.091055  0.098372
  0.064479  0.1515    0.057274  0.045015  0.071944  0.086842  0.132061
  0.060775  0.070459  0.046845  0.105776  0.019767  0.164531  0.118997
  0.115855  0.056474  0.026615  0.089439  0.060761  0.103539  0.124739
  0.171708  0.107201  0.090053  0.102765  0.099407  0.119943  0.095297
  0.08192   0.09987   0.060224  0.088513  0.118788  0.06977   0.15468
  0.106024  0.111192  0.051106  0.051516  0.105135  0.095176  0.081703
  0.07816   0.090842  0.097078  0.046395  0.162549  0.084912  0.082043
  0.086758  0.099491  0.086318  0.078576  0.03241   0.054941  0.064905
  0.078011  0.114661  0.072612  0.104484  0.079678  0.0973    0.071619
  0.094195  0.08401   0.093073  0.101812  0.118002  0.095503  0.112943
  0.062741  0.1077    0.155879  0.113946  0.12798   0.095652  0.145661
  0.103745  0.104931  0.123672  0.120857  0.142108  0.070139  0.120716
  0.102814  0.132088  0.043348  0.097031  0.069443  0.054285  0.052792
  0.109128  0.169109  0.09955   0.116923  0.08379   0.090229  0.040958
  0.092228  0.098829  0.090629  0.143992  0.131943  0.128978  0.040416
  0.027669  0.082867  0.067559  0.134682  0.138217  0.095633  0.120851
  0.146885  0.110133  0.157952  0.121932  0.07022   0.121362  0.058116
  0.146762  0.125865  0.076613  0.113293  0.117559  0.166127  0.097652
  0.107363  0.093836  0.108117  0.128026  0.098325  0.118585  0.099984
  0.145769]
[ 0.104793  0.096547  0.158665  0.077715  0.116867  0.101177  0.124863
  0.084165  0.127928  0.138343  0.11105   0.120914  0.084472  0.132203
  0.114922  0.117591  0.061297  0.110722  0.061816  0.096528  0.046141
  0.04027   0.053449  0.092923  0.023936  0.056594  0.088781  0.047739
  0.155873  0.124673  0.077338  0.130717  0.083632  0.082202  0.079574
  0.156401  0.070391  0.109685  0.131359  0.119672  0.094391  0.034186
  0.072906  0.069912  0.091837  0.093859  0.064721  0.079271  0.145064
  0.143386  0.089036  0.073105  0.10806   0.100011  0.178946  0.136215
  0.084652  0.127091  0.115112  0.098184  0.166373  0.115717  0.151602
  0.091144  0.092163  0.043042  0.085619  0.075761  0.025208  0.073775
  0.158618  0.113564  0.10217   0.123589  0.063773  0.09447   0.110307
  0.10674   0.092207  0.070656  0.05665   0.088214  0.11074   0.108472
  0.054549  0.042764  0.031343  0.093702  0.113283  0.1391    0.058292
  0.053512  0.112863  0.119364  0.101217  0.046283  0.122589  0.109366
  0.051312  0.100311  0.116455  0.108023  0.111308  0.015583  0.046546
  0.13793   0.118022  0.070809  0.109589  0.085624  0.078727  0.092802
  0.042781  0.06287   0.053757  0.094959  0.093215  0.059519  0.074115
  0.058743  0.067465  0.132396  0.110431  0.087735  0.130841  0.1138
  0.080497  0.094979  0.141155  0.094119  0.065852  0.111735  0.085199
  0.098799  0.15282   0.069236  0.069776  0.019672  0.106916  0.09123
  0.128538  0.07199   0.09712   0.110649  0.140954  0.123113  0.109808
  0.095913  0.110021  0.042558  0.133206  0.119548  0.085502  0.084587
  0.083819  0.141032  0.138212  0.081084  0.137263  0.13698   0.123114
  0.071633  0.0595    0.109597  0.111052  0.137665  0.07899   0.09953
  0.073587  0.044069  0.059102  0.068684  0.03867   0.025916  0.166442
  0.108628  0.071952  0.065397  0.052712  0.092021  0.051594  0.024727
  0.119796  0.121965  0.098505  0.091139  0.079512  0.090523  0.122369
  0.058081  0.131894  0.102939  0.086764  0.102491  0.029003  0.135367
  0.093399  0.103166  0.066096  0.113813  0.072899  0.142875  0.163171
  0.083793  0.063896  0.088323  0.136604  0.114784  0.092719  0.115747
  0.098932  0.107685  0.095091  0.088873  0.181222  0.134492  0.116163
  0.120648  0.101531  0.098843  0.095677  0.046261  0.077045  0.085084
  0.104449  0.142521  0.07419   0.05972   0.060873  0.032855  0.068433
  0.034993  0.100031  0.119334  0.144016  0.107625  0.077607  0.079881
  0.061496  0.041506  0.136364  0.073327  0.057284  0.07046   0.120568
  0.10786   0.13272   0.121025  0.129876  0.045455  0.126798  0.086369
  0.01356   0.057877  0.035374  0.055101  0.069871  0.076672  0.097617
  0.123719  0.099536  0.126847  0.123439  0.105178  0.097768  0.030599
  0.080201  0.032703  0.093793  0.075382  0.131295  0.043824  0.127913
  0.092559  0.059995  0.106903  0.097637  0.100107  0.109153  0.118782
  0.029648  0.095515  0.097067  0.042477  0.1085    0.063416  0.171004
  0.069087  0.142002  0.053339  0.100113  0.077763  0.112827  0.086288
  0.077597  0.145197  0.090681  0.082879  0.069612  0.111002  0.074172
  0.088423  0.041333  0.115036  0.130399  0.132225  0.169311  0.09134
  0.110634  0.089222  0.092985  0.087082  0.068892  0.110129  0.097079
  0.075622  0.095907  0.096779  0.07944   0.066135  0.090767  0.168712
  0.058354  0.100742  0.127654  0.110387  0.108603  0.111737  0.141131
  0.123869  0.052509  0.098757  0.034161  0.128876  0.098093  0.068172
  0.144404  0.060161  0.13112   0.133733  0.09835   0.099295  0.112206
  0.133449  0.104898  0.162837  0.112262  0.115094  0.100029  0.066802
  0.060729  0.163135  0.111454  0.025317  0.091443  0.075887  0.095526
  0.114647  0.049073  0.049366  0.138088  0.040845  0.046231  0.094561
  0.107904  0.073808  0.089954  0.089014  0.036757  0.10495   0.114784
  0.056926  0.06008   0.115977  0.068799  0.072783  0.123823  0.10132
  0.068616  0.115555  0.165537  0.095814  0.025103  0.123176  0.066264
  0.150212  0.104671  0.133722  0.017725  0.066441  0.099764  0.105878
  0.078216  0.050985  0.051011  0.108767  0.097135  0.149619  0.108683
  0.074885]
[ 365.112   249.426   161.608   169.699   157.464   178.536   134.412
  182.431   146.168   122.112   125.264   131.17    122.815   121.592
  135.114   142.891   123.131   111.055   119.769   123.618   134.704
  114.717   104.493   128.009   100.5     110.905   112.903   126.765
  122.383    97.1571   87.2269  114.585   108.924   120.44    130.87
  107.465   120.067   132.384   128.737   118.288   121.568   112.355
  100.99    108.643   111.958   141.855   118.598   118.744   137.591
  115.963   130.973   139.739   143.168   134.614   126.727   125.42
  142.981   124.179   117.164   107.166   126.279   112.188   120.308
  138.886   121.136   121.608   140.069   127.163   113.906   121.97
  144.859   124.176   107.852   137.575   119.071   127.29    124.082
  143.519   116.151   131.79    125.221    88.6603  137.432   115.343
  102.148   119.505   118.336   110.123   106.16    112.655   129.772
  109.681   104.863   112.962   110.767   129.662   147.833   131.766
  131.646   132.276   117.698   142.182   109.782   109.045   132.074
  106.879   107.243   112.956   147.051   117.161   119.793   122.55
  145.633   112.415   113.747   110.491   103.058   129.999   116.99
  140.877   116.816   115.343   134.339   138.177   122.365   129.961
  112.467   132.852   114.837   121.543   113.751   136.811   107.322
  145.029   143.181   118.158   102.911   122.182   114.445   116.273
  115.211   112.064   113.581   118.311   118.285   102.393   115.362
  134.623   131.771   119.816   154.338   151.304   141.496   131.964
  132.209   107.396   126.242   150.667    90.7394  103.328   126.101
  147.777   116.311   121.807   123.436   139.337   124.18    126.403
  135.606   111.926   121.894   137.308   120.843   128.191   119.45
  113.304   130.733   114.656   155.738   122.691   114.28    111.514
  117.122   124.864   128.085   116.295   113.167   135.147   128.209
  120.464   143.419   125.948   128.509   105.655   118.36    137.677
  122.965   114.853   130.426   116.481   159.354   128.194   136.625
  126.044   127.825   124.098   138.992   106.289   135.254   138.039
  131.81    104.845   128.088   108.069   119.968   120.589   137.038
  132.147   114.144   137.355   152.267   128.249   122.195   127.393
  117.105   115.437   137.641   129.823   111.72    102.926   115.571
  107.787   110.063   122.611   107.781   143.78    142.904   122.819
  124.364   121.701   121.948   121.895   128.3     134.626   134.165
  115.271   126.531    91.8744   95.0427  120.142   124.546   119.657
  114.594   122.774   150.855   131.103   122.057   107.094   151.954
  117.908   125.578   109.907   105.205   116.898   113.75    108.642
  107.638   100.153   108.852   111.048   112.043   105.065   102.727
  128.394   105.948    99.0963  103.693   118.469   132.307   131.728
  127.847   124.223   118.793   144.815   153.611   119.319   126.467
  106.155   132.708   113.518   138.648   113.699   110.777   127.684
  131.455   133.097   115.281   125.264   154.351   137.21    129.951
  127.14    146.22    147.52    125.909   145.037   150.978   123.224
  141.186   134.764   119.845   129.379   145.348   132.977   113.233
  141.627   140.328   118.717   132.286   142.845   132.193   153.972
  127.318   113.328   138.075   122.986   115.681   111.432   112.421
  101.227   130.214   121.682   115.826   126.201   119.211   120.798
  121.996   111.325   127.367   147.596   147.656   160.975   151.116
  136.609   145.225   147.216   127.268   131.529   131.426   140.455
  136.088   101.452   105.735   119.74    130.657   112.857   109.505
  149.971   135.643   103.955   113.37    115.132   119.616   128.921
  116.847   133.937   109.26    113.965   127.551   117.147   114.781
  115.986   108.894   133.903   127.695   126.773   132.871   107.801
  114.911   119.166   146.193   134.862   130.171   127.763   126.815
  115.533   110.263   126.215   125.991   144.267   102.126   133.1
  169.408   134.603   151.562   145.919   138.821   162.312   136.391
  141.876 ]
[ 0.769327  0.89584   0.97623   0.962141  1.01597   0.970147  0.950829
  0.975163  0.991587  0.972993  1.04582   0.996646  1.01131   0.981703
  1.00815   0.980539  1.00908   0.986683  0.963969  1.00247   0.988636
  1.01311   1.03971   1.03288   1.07836   0.990904  1.00747   0.991121
  1.02146   1.03101   1.04177   0.999697  1.01074   1.01178   1.00808
  1.03685   0.965227  0.985943  0.980118  0.927227  0.969367  1.03441
  0.997743  1.03791   1.00211   1.03404   0.97278   1.03095   1.01507
  0.990492  1.01306   0.944065  0.987799  0.960275  1.04161   1.00918
  0.972589  0.97934   0.998159  0.986272  0.959369  1.00472   1.00732
  0.961253  1.02326   0.993483  0.999782  0.98456   1.06291   0.986734
  0.967299  1.01403   1.02336   1.0165    0.985485  1.00072   0.950635
  0.954441  1.03583   0.995815  1.04588   1.03147   1.02714   1.02892
  0.970478  1.02885   0.997203  1.02029   1.01054   1.01371   1.02933
  1.07761   1.03076   1.01748   1.00343   0.965364  0.959361  0.962005
  1.05346   1.00995   0.999257  1.0144    1.01146   1.03285   1.00082
  1.00889   0.960236  0.974838  0.95879   1.05428   0.994849  0.951397
  0.966876  0.972726  1.02539   1.00872   1.01072   1.02709   0.971074
  1.00035   0.994661  1.01397   0.999849  0.993342  0.995688  0.970008
  0.963447  1.03741   0.976778  0.999158  1.0169    0.978822  1.01949
  0.982856  0.969441  1.00609   1.05201   0.98304   1.03112   1.0676
  0.980877  1.01568   0.955272  0.986977  0.982708  0.994192  1.01313
  0.976786  1.00468   1.02433   0.979472  1.00004   1.01213   0.960459
  1.01301   1.03966   1.02037   0.992439  1.02348   0.989139  1.00489
  1.02742   0.962036  1.00618   1.0563    1.01678   0.99049   1.00267
  1.01231   1.01598   1.00147   0.965648  0.996373  1.00277   1.00356
  1.02959   1.02441   1.02196   0.965869  1.03836   0.962714  1.01529
  0.970539  0.995652  0.993869  0.925415  0.943638  0.991374  0.984795
  0.956158  0.951108  1.00605   1.01926   0.993811  1.00017   0.932565
  1.02887   1.01292   1.06533   1.01241   0.962457  1.04923   1.04474
  1.05773   0.996548  0.971095  1.06219   0.991041  0.9726    0.986784
  0.999097  0.998481  1.00687   1.04894   1.01565   1.01429   0.990836
  1.0029    0.99278   0.979356  0.968565  0.954921  1.01086   0.999268
  0.995133  0.964728  0.983217  0.985559  0.986894  1.00353   0.971341
  1.02283   0.975889  0.98522   0.987548  0.975558  0.997395  0.959467
  1.04331   0.998992  1.02313   1.00506   1.02439   1.01156   0.979904
  1.00882   1.03311   1.02503   1.00746   0.994296  1.0121    1.0592
  1.00903   1.06541   0.97417   1.03289   0.985677  0.983354  0.962492
  1.02676   0.988832  0.96492   0.998707  0.971894  1.01161   1.02387
  0.977799  1.03293   1.00308   1.03609   0.978441  1.02677   1.04016
  1.00896   0.984633  0.968695  1.04469   1.02873   0.989955  1.01215
  1.01493   0.968985  1.04941   0.98517   0.960541  0.986008  1.02696
  0.924573  1.02229   1.02438   1.01407   0.973034  0.992198  0.981509
  0.990735  1.01831   0.996979  0.957663  0.999803  0.994126  1.04209
  0.992253  0.965406  1.00988   0.979505  1.01234   1.01497   0.961407
  0.981092  0.977865  1.00095   1.03651   0.981017  1.00532   1.04147
  0.990393  0.995719  1.03109   0.963329  0.980986  0.988952  0.983529
  1.07803   1.00895   0.997438  0.985874  0.970684  1.02109   0.991315
  0.965194  1.02979   1.0199    1.02381   1.08525   0.979659  0.9618
  0.974658  0.999874  0.990322  0.946525  0.958654  0.996323  0.957532
  1.04002   1.01005   0.99233   0.972214  0.970048  0.993461  1.00682
  0.962597  0.949406  1.03612   1.04107   1.00083   0.988388  1.05629
  0.961972  1.03558   0.996567  1.05468   1.01928   1.0343    0.989319
  1.0124    1.03698   1.00128   0.991977  1.01103   1.02746   1.02049
  1.00809   1.02521   1.03073   0.969379  0.961896  1.01212   0.972105
  1.0205    0.995699  1.01944   0.968573  0.982965  0.974594  0.993743
  1.01583   0.998966  0.993881  1.05309   0.994645  0.995311  1.05781
  1.06019   0.994403  1.00725   0.988404  1.02334   0.991641  0.983608
  0.983454]





The current behavior of correlate is deprecated for 1.4.0, and will be removed
for NumPy 1.5.0.
    
The new behavior fits the conventional definition of correlation: inputs are
never swapped, and the second argument is conjugated for complex arrays.


do_autocor: Note that algorithm subtracts the mean first, for ease of finding correlation length. It does not divide by std.

