Reading  ../outputs/PoisDatons32x32EEMC2vsNullModel_Strt0.01_viaFits.param  with length: 2000
Status of file open: 

HEADER:  0 #
HEADER:  1 # Code will run in posterior sampling mode.
HEADER:  2 #
HEADER:  3 # A scale parameter will be fit to the bkg model.
HEADER:  4 #
HEADER:  5 # The total number of Gibbs draws is 2000, every 5th draws will be saved.
HEADER:  6 #
HEADER:  7 # The model will be fit using the Multi Scale Prior.
HEADER:  8 #
HEADER:  9 # The data matrix is 32 by 32.
HEADER:  10 #
HEADER:  11 # The data file should contain a  2^5 by 2^5 matrix of counts.
HEADER:  12 #
HEADER:  13 # Starting Values for the smoothing parameter (alpha):
HEADER:  14 # Aggregation Level:  0,   alpha: 3 (Full Data)
HEADER:  15 # Aggregation Level:  1,   alpha: 4
HEADER:  16 # Aggregation Level:  2,   alpha: 5
HEADER:  17 # Aggregation Level:  3,   alpha: 6
HEADER:  18 # Aggregation Level:  4,   alpha: 7  (In the 2x2 table)
HEADER:  19 #
HEADER:  20 # The prior distribution on the total count from the multiscale component is
HEADER:  21 # Gamma(1.000000, 0.050000).
HEADER:  22 #
HEADER:  23 # The hyper-prior smoothing parameter (kappa 2) is 1000.
HEADER:  24 #
TITLES:   ['iteration', 'logPost', 'stepSize', 'cycleSpinRow', 'cycleSpinCol', 'smoothingParam0', 'smoothingParam1', 'smoothingParam2', 'smoothingParam3', 'smoothingParam4', 'expectedMSCounts', 'bkgScale']
Warning: input/file mismatch. Expected  2000  sample paramlists,  but got  400
 Using minimum of the two.
At end of ScnTxt: paramlist shape is:  (12, 400)
['iteration', 'logPost', 'stepSize', 'cycleSpinRow', 'cycleSpinCol', 'smoothingParam0', 'smoothingParam1', 'smoothingParam2', 'smoothingParam3', 'smoothingParam4', 'expectedMSCounts', 'bkgScale']
[    5.    10.    15.    20.    25.    30.    35.    40.    45.    50.
    55.    60.    65.    70.    75.    80.    85.    90.    95.   100.
   105.   110.   115.   120.   125.   130.   135.   140.   145.   150.
   155.   160.   165.   170.   175.   180.   185.   190.   195.   200.
   205.   210.   215.   220.   225.   230.   235.   240.   245.   250.
   255.   260.   265.   270.   275.   280.   285.   290.   295.   300.
   305.   310.   315.   320.   325.   330.   335.   340.   345.   350.
   355.   360.   365.   370.   375.   380.   385.   390.   395.   400.
   405.   410.   415.   420.   425.   430.   435.   440.   445.   450.
   455.   460.   465.   470.   475.   480.   485.   490.   495.   500.
   505.   510.   515.   520.   525.   530.   535.   540.   545.   550.
   555.   560.   565.   570.   575.   580.   585.   590.   595.   600.
   605.   610.   615.   620.   625.   630.   635.   640.   645.   650.
   655.   660.   665.   670.   675.   680.   685.   690.   695.   700.
   705.   710.   715.   720.   725.   730.   735.   740.   745.   750.
   755.   760.   765.   770.   775.   780.   785.   790.   795.   800.
   805.   810.   815.   820.   825.   830.   835.   840.   845.   850.
   855.   860.   865.   870.   875.   880.   885.   890.   895.   900.
   905.   910.   915.   920.   925.   930.   935.   940.   945.   950.
   955.   960.   965.   970.   975.   980.   985.   990.   995.  1000.
  1005.  1010.  1015.  1020.  1025.  1030.  1035.  1040.  1045.  1050.
  1055.  1060.  1065.  1070.  1075.  1080.  1085.  1090.  1095.  1100.
  1105.  1110.  1115.  1120.  1125.  1130.  1135.  1140.  1145.  1150.
  1155.  1160.  1165.  1170.  1175.  1180.  1185.  1190.  1195.  1200.
  1205.  1210.  1215.  1220.  1225.  1230.  1235.  1240.  1245.  1250.
  1255.  1260.  1265.  1270.  1275.  1280.  1285.  1290.  1295.  1300.
  1305.  1310.  1315.  1320.  1325.  1330.  1335.  1340.  1345.  1350.
  1355.  1360.  1365.  1370.  1375.  1380.  1385.  1390.  1395.  1400.
  1405.  1410.  1415.  1420.  1425.  1430.  1435.  1440.  1445.  1450.
  1455.  1460.  1465.  1470.  1475.  1480.  1485.  1490.  1495.  1500.
  1505.  1510.  1515.  1520.  1525.  1530.  1535.  1540.  1545.  1550.
  1555.  1560.  1565.  1570.  1575.  1580.  1585.  1590.  1595.  1600.
  1605.  1610.  1615.  1620.  1625.  1630.  1635.  1640.  1645.  1650.
  1655.  1660.  1665.  1670.  1675.  1680.  1685.  1690.  1695.  1700.
  1705.  1710.  1715.  1720.  1725.  1730.  1735.  1740.  1745.  1750.
  1755.  1760.  1765.  1770.  1775.  1780.  1785.  1790.  1795.  1800.
  1805.  1810.  1815.  1820.  1825.  1830.  1835.  1840.  1845.  1850.
  1855.  1860.  1865.  1870.  1875.  1880.  1885.  1890.  1895.  1900.
  1905.  1910.  1915.  1920.  1925.  1930.  1935.  1940.  1945.  1950.
  1955.  1960.  1965.  1970.  1975.  1980.  1985.  1990.  1995.  2000.]
[ -1.67923000e+003  -1.70600000e+003  -1.59068000e+003  -1.63632000e+003
  -1.61426000e+003  -1.61661000e+003  -1.59576000e+003  -1.58606000e+003
  -1.65012000e+003  -1.65196000e+003  -1.57114000e+003  -1.53825000e+003
  -1.51461000e+003  -1.57058000e+003  -1.54425000e+003  -1.60148000e+003
  -1.79769313e+308  -1.55070000e+003  -1.49625000e+003  -1.53248000e+003
  -1.79769313e+308  -1.54619000e+003  -1.48671000e+003  -1.56054000e+003
  -1.58221000e+003  -1.79769313e+308  -1.51814000e+003  -1.54520000e+003
  -1.52256000e+003  -1.49171000e+003  -1.57522000e+003  -1.53409000e+003
  -1.54395000e+003  -1.45217000e+003  -1.55380000e+003  -1.50665000e+003
  -1.57304000e+003  -1.58774000e+003  -1.53623000e+003  -1.48987000e+003
  -1.53820000e+003  -1.57159000e+003  -1.48018000e+003  -1.49655000e+003
  -1.49477000e+003  -1.46215000e+003  -1.54092000e+003  -1.79769313e+308
  -1.55860000e+003  -1.53854000e+003  -1.52566000e+003  -1.79769313e+308
  -1.55983000e+003  -1.54539000e+003  -1.50296000e+003  -1.54217000e+003
  -1.79769313e+308  -1.58392000e+003  -1.53038000e+003  -1.58371000e+003
  -1.55484000e+003  -1.53870000e+003  -1.46127000e+003  -1.79769313e+308
  -1.53853000e+003  -1.48659000e+003  -1.50221000e+003  -1.54606000e+003
  -1.54435000e+003  -1.52509000e+003  -1.51053000e+003  -1.51963000e+003
  -1.79769313e+308  -1.51358000e+003  -1.51219000e+003  -1.56161000e+003
  -1.52770000e+003  -1.55246000e+003  -1.58168000e+003  -1.79769313e+308
  -1.49723000e+003  -1.50164000e+003  -1.55109000e+003  -1.56494000e+003
  -1.56723000e+003  -1.55015000e+003  -1.48551000e+003  -1.52446000e+003
  -1.52999000e+003  -1.52667000e+003  -1.50183000e+003  -1.53070000e+003
  -1.52710000e+003  -1.50748000e+003  -1.51936000e+003  -1.48806000e+003
  -1.79769313e+308  -1.79769313e+308  -1.54253000e+003  -1.49348000e+003
  -1.49975000e+003  -1.54177000e+003  -1.55176000e+003  -1.55641000e+003
  -1.53424000e+003  -1.50005000e+003  -1.50850000e+003  -1.56541000e+003
  -1.55257000e+003  -1.49922000e+003  -1.50566000e+003  -1.50953000e+003
  -1.79769313e+308  -1.49012000e+003  -1.50291000e+003  -1.50145000e+003
  -1.52875000e+003  -1.49869000e+003  -1.46743000e+003  -1.51655000e+003
  -1.47936000e+003  -1.51334000e+003  -1.79769313e+308  -1.49637000e+003
  -1.52158000e+003  -1.53261000e+003  -1.57039000e+003  -1.57032000e+003
  -1.79769313e+308  -1.79769313e+308  -1.49097000e+003  -1.50572000e+003
  -1.47392000e+003  -1.54133000e+003  -1.52933000e+003  -1.50061000e+003
  -1.50864000e+003  -1.55577000e+003  -1.51389000e+003  -1.55006000e+003
  -1.52542000e+003  -1.58298000e+003  -1.51319000e+003  -1.49723000e+003
  -1.49887000e+003  -1.48439000e+003  -1.51855000e+003  -1.47256000e+003
  -1.52310000e+003  -1.50745000e+003  -1.56513000e+003  -1.56282000e+003
  -1.54410000e+003  -1.53271000e+003  -1.57993000e+003  -1.79769313e+308
  -1.49193000e+003  -1.79769313e+308  -1.58669000e+003  -1.53775000e+003
  -1.48062000e+003  -1.53729000e+003  -1.54358000e+003  -1.51586000e+003
  -1.52259000e+003  -1.48861000e+003  -1.54247000e+003  -1.53378000e+003
  -1.57875000e+003  -1.48354000e+003  -1.56184000e+003  -1.47094000e+003
  -1.51911000e+003  -1.52701000e+003  -1.55722000e+003  -1.79769313e+308
  -1.55264000e+003  -1.53837000e+003  -1.51468000e+003  -1.53857000e+003
  -1.47447000e+003  -1.53872000e+003  -1.79769313e+308  -1.51182000e+003
  -1.50010000e+003  -1.59308000e+003  -1.54577000e+003  -1.50499000e+003
  -1.51166000e+003  -1.53331000e+003  -1.55315000e+003  -1.46883000e+003
  -1.56493000e+003  -1.53405000e+003  -1.79769313e+308  -1.79769313e+308
  -1.54567000e+003  -1.53658000e+003  -1.51977000e+003  -1.51607000e+003
  -1.58665000e+003  -1.79769313e+308  -1.79769313e+308  -1.53208000e+003
  -1.50582000e+003  -1.79769313e+308  -1.52021000e+003  -1.52010000e+003
  -1.47568000e+003  -1.56707000e+003  -1.57354000e+003  -1.52419000e+003
  -1.58666000e+003  -1.49297000e+003  -1.59302000e+003  -1.59343000e+003
  -1.49097000e+003  -1.45527000e+003  -1.52731000e+003  -1.51636000e+003
  -1.58762000e+003  -1.55528000e+003  -1.47934000e+003  -1.48388000e+003
  -1.52442000e+003  -1.54072000e+003  -1.59996000e+003  -1.51925000e+003
  -1.55992000e+003  -1.53142000e+003  -1.58293000e+003  -1.79769313e+308
  -1.52694000e+003  -1.79769313e+308  -1.45639000e+003  -1.54981000e+003
  -1.52044000e+003  -1.59730000e+003  -1.51937000e+003  -1.56352000e+003
  -1.50792000e+003  -1.79769313e+308  -1.79769313e+308  -1.55888000e+003
  -1.51276000e+003  -1.47958000e+003  -1.53031000e+003  -1.49171000e+003
  -1.48971000e+003  -1.79769313e+308  -1.47803000e+003  -1.50726000e+003
  -1.51502000e+003  -1.53366000e+003  -1.52136000e+003  -1.52604000e+003
  -1.54874000e+003  -1.54251000e+003  -1.79769313e+308  -1.56099000e+003
  -1.45878000e+003  -1.53151000e+003  -1.51435000e+003  -1.52117000e+003
  -1.48584000e+003  -1.52180000e+003  -1.53862000e+003  -1.46190000e+003
  -1.79769313e+308  -1.50839000e+003  -1.43631000e+003  -1.54062000e+003
  -1.55132000e+003  -1.58977000e+003  -1.54374000e+003  -1.54552000e+003
  -1.49999000e+003  -1.57366000e+003  -1.55272000e+003  -1.44822000e+003
  -1.48422000e+003  -1.55988000e+003  -1.50501000e+003  -1.53921000e+003
  -1.52231000e+003  -1.50149000e+003  -1.56940000e+003  -1.42979000e+003
  -1.56782000e+003  -1.49498000e+003  -1.52672000e+003  -1.56880000e+003
  -1.51872000e+003  -1.54067000e+003  -1.51779000e+003  -1.50576000e+003
  -1.49822000e+003  -1.56811000e+003  -1.51184000e+003  -1.60418000e+003
  -1.47620000e+003  -1.47722000e+003  -1.49466000e+003  -1.54684000e+003
  -1.53287000e+003  -1.56913000e+003  -1.52505000e+003  -1.55345000e+003
  -1.53704000e+003  -1.79769313e+308  -1.48154000e+003  -1.52269000e+003
  -1.51221000e+003  -1.49509000e+003  -1.54674000e+003  -1.52934000e+003
  -1.47119000e+003  -1.52612000e+003  -1.52778000e+003  -1.46434000e+003
  -1.52849000e+003  -1.55189000e+003  -1.79769313e+308  -1.50899000e+003
  -1.48823000e+003  -1.52317000e+003  -1.52455000e+003  -1.58880000e+003
  -1.53459000e+003  -1.53773000e+003  -1.57326000e+003  -1.55968000e+003
  -1.53098000e+003  -1.54174000e+003  -1.46569000e+003  -1.53326000e+003
  -1.55491000e+003  -1.79769313e+308  -1.46521000e+003  -1.50968000e+003
  -1.45804000e+003  -1.54258000e+003  -1.52114000e+003  -1.48426000e+003
  -1.55986000e+003  -1.43621000e+003  -1.51306000e+003  -1.51719000e+003
  -1.53960000e+003  -1.53227000e+003  -1.56023000e+003  -1.54716000e+003
  -1.79769313e+308  -1.56158000e+003  -1.51809000e+003  -1.57112000e+003
  -1.52983000e+003  -1.79769313e+308  -1.57514000e+003  -1.57480000e+003
  -1.57615000e+003  -1.55704000e+003  -1.50765000e+003  -1.55539000e+003
  -1.56428000e+003  -1.52864000e+003  -1.49519000e+003  -1.58797000e+003
  -1.79769313e+308  -1.54835000e+003  -1.52724000e+003  -1.52347000e+003
  -1.53774000e+003  -1.79769313e+308  -1.47488000e+003  -1.54910000e+003
  -1.54371000e+003  -1.79769313e+308  -1.51381000e+003  -1.48422000e+003
  -1.58082000e+003  -1.49802000e+003  -1.54221000e+003  -1.54582000e+003
  -1.48126000e+003  -1.50683000e+003  -1.42660000e+003  -1.50502000e+003
  -1.55559000e+003  -1.49192000e+003  -1.55831000e+003  -1.50489000e+003
  -1.53258000e+003  -1.45394000e+003  -1.79769313e+308  -1.45580000e+003
  -1.55040000e+003  -1.51481000e+003  -1.58247000e+003  -1.56123000e+003]
[  2.28278982e+001  -6.04625602e+001   1.79769313e+308  -9.60060614e+001
  -2.16179901e+001   3.14240259e+001  -5.35686742e+001   7.51554263e+001
  -5.55428379e+001  -3.66635721e+001   6.22006106e+001   7.53388412e+001
   1.13156498e+001  -6.54449748e+000   4.16676930e+001   1.88320648e-001
  -1.79769313e+308   1.79769313e+308   6.82755241e+001  -5.43409077e+001
   0.00000000e+000  -1.21570282e+001   4.47490211e+001  -1.06323009e+000
  -8.63268516e+001  -1.79769313e+308   1.68943438e+001   1.60888544e-001
   2.17493078e+001   2.42408252e+001  -9.89093363e+001   4.61356265e+001
   3.81632676e+000   1.00416021e+002   5.78938967e+001  -2.52389716e+001
   2.28664880e+000  -2.09596567e-001   5.36333530e+000   1.79769313e+308
  -3.74400585e+001  -3.36974511e+001   9.97458168e+001   1.23034989e+002
  -2.09852685e+001   5.00018376e+001   1.79769313e+308  -1.79769313e+308
   1.79769313e+308   8.13007791e+000  -1.16085861e+001  -1.79769313e+308
  -4.81335499e+001   1.39098705e+001   5.80705985e+001   1.01255146e+001
  -1.79769313e+308  -6.24352526e+001   3.07606096e+001  -1.02855843e+002
   6.79489157e+001  -6.67718952e+001   1.25061458e+002  -1.79769313e+308
  -1.22590695e+001   1.12021853e+000   2.79635342e+001   1.79769313e+308
  -5.41038112e+001   1.79769313e+308   5.55524979e+001   9.32888786e+000
  -1.79769313e+308   3.02010086e+001   4.53997858e+000  -2.13813616e+001
   2.93109106e+001  -6.32468062e+000   1.79769313e+308  -1.79769313e+308
   8.36005063e+001   3.32164943e+001  -3.16041767e+001  -5.75418701e+001
  -4.53629277e+001  -1.39990727e+001   1.79769313e+308  -1.41360153e+001
   1.79769313e+308  -2.94928247e+001   4.29650369e+001   2.88225301e+001
   3.21871069e+001  -1.62825291e+001  -1.79210598e+000   3.59052799e+001
  -1.79769313e+308  -1.79769313e+308   1.79769313e+308   6.76029906e+000
   4.41440356e+001   1.79769313e+308   1.79769313e+308  -3.64424013e+001
   5.39323980e+001   2.10555556e+001   8.92084364e+000  -7.66813298e+001
  -1.45021450e+001   3.31421307e+001   7.46242627e+000   4.00553823e+001
  -1.79769313e+308   1.79769313e+308   3.61183719e+001   1.49245684e+000
  -1.17532591e+001   1.08710474e+002   1.44977588e+001   3.54463425e+001
   6.34949800e+000   5.32200222e+001  -1.79769313e+308   2.15985455e+001
  -2.57201881e+001  -3.68566421e+001  -6.13496479e+001  -4.86903933e+001
   0.00000000e+000  -1.79769313e+308   1.79769313e+308  -2.14324452e+001
   4.00146900e+001   1.79769313e+308   1.39160606e+000   1.68048656e+001
   4.82706421e+001   4.17121497e+000   1.65032652e+001  -7.45499857e+001
   1.61703169e+001  -5.66370973e+001   7.68287709e+001  -7.69671658e+000
   1.42016096e+001   2.71485878e+001   3.27072719e+001   3.41712105e+001
   2.72807011e+000   3.13624682e+001  -6.85518280e+001  -2.00383257e+001
   5.55622424e+001  -1.59218105e+001  -5.46455308e+001  -1.79769313e+308
   1.79769313e+308  -1.79769313e+308  -8.13662664e+001  -2.36124741e+001
   4.95943439e+001   3.95262791e+000   1.79769313e+308  -9.08904085e+000
  -7.38817998e+001   1.87982505e+001  -4.82592157e+001   1.50660472e+001
  -7.59258865e+001   1.30484100e+002  -2.58561484e+001   5.89442018e+001
   1.79769313e+308   1.79769313e+308  -4.40589769e+001   0.00000000e+000
   1.79769313e+308  -4.04430114e+000  -3.46765905e+001  -6.30390613e+001
   4.50696781e+001  -3.06471462e+001  -1.79769313e+308  -4.08178017e+001
   6.04546666e+001  -1.18440552e+002  -7.39498397e+001   6.68489762e+001
   3.91675245e+001  -6.49386439e+001  -3.56860296e+001   1.46961089e+002
  -7.46223083e+001   1.79769313e+308  -1.79769313e+308  -1.79769313e+308
   2.61803167e+001  -6.47009522e+001   6.94206134e+001   7.36937755e+001
   1.79769313e+308  -1.79769313e+308  -1.79769313e+308  -1.09317330e+001
   4.12423771e+001  -1.79769313e+308   6.90596083e-001   7.53411537e+000
   6.51526408e+001  -5.78037971e+001  -3.52348403e+001   1.10447052e+001
  -8.86466520e+001  -5.22746276e+000  -9.25483968e+001  -4.38488915e+001
   8.91654847e+001   5.94222078e+001  -1.12151353e+001  -5.99600105e+000
  -6.80420520e+001  -3.35075604e+001  -8.22757271e+000   3.84648653e+001
   7.90450829e+001  -6.40671205e+001  -5.55841635e+001  -5.41329034e+001
  -3.14779662e+001   5.14523853e+000  -7.09666730e+001   0.00000000e+000
   2.15592460e+001  -1.79769313e+308   1.22330934e+002  -3.57839733e+001
   4.22922042e+001  -3.02340488e+001  -2.46113769e+001   2.35885458e+001
   9.76183576e+001  -1.79769313e+308  -1.79769313e+308  -4.37549037e+001
   1.41536824e+001   1.51831010e+001  -1.80960226e+001   9.68384505e+001
   3.11026580e+001  -1.79769313e+308   1.19159807e+000   5.44813257e+001
  -4.70661646e+001  -2.47376275e+001  -1.54827938e+001  -1.34896732e+001
  -2.28052754e+001   1.18163217e+001  -1.79769313e+308  -8.22821009e+000
   5.73601046e+001   1.79769313e+308  -9.33720099e+000   1.79769313e+308
   1.93738101e+001   1.31212813e+001  -1.21360362e+001   2.22056741e+001
  -1.79769313e+308   2.02153841e+001   1.26205933e+002  -1.47796184e+001
  -2.01926215e+001   1.79769313e+308  -5.23891135e+001  -6.78618682e+001
  -1.24399368e+001  -9.59347306e+001  -5.92703374e+001   6.69867521e+001
  -2.79265632e+000  -8.58865034e+001   1.31874300e+001   1.79769313e+308
   4.31356568e+000  -1.53431124e+001  -4.30501238e+001   1.50367779e+002
  -2.13021689e+001   2.64889754e+000  -4.57637518e+001   2.54885982e+001
   1.04449053e+001   1.79769313e+308   5.32905076e-001   5.89680155e+001
   8.83796885e+001  -4.70772089e+001   5.81830263e+001  -3.11318744e+001
  -2.54741201e+000   6.99028356e+001   1.34773135e+001   5.20857516e+000
   1.79769313e+308  -6.02895880e+001   2.55903731e+001  -6.01238928e+001
   1.79769313e+308  -1.79769313e+308   1.31769554e+001  -4.44455930e+000
   5.68797300e+001   7.01104648e+001  -4.43276314e+001   1.07623101e+001
   7.26466911e+001   2.03997584e+001   1.83375625e+001   9.66415048e+001
   1.62983468e+001  -5.52579054e+001  -1.79769313e+308   5.84881507e+001
   3.58312970e+001  -8.05815737e+000   8.65397107e+001  -8.65608945e+001
  -6.03969393e+001   5.15983681e+001   1.14542258e+001  -5.38676829e+001
   1.79769313e+308   1.79769313e+308   9.54792707e+001   2.85653904e+000
  -1.48719859e+001  -1.79769313e+308   9.26717263e+001   5.58332597e+001
   1.66082005e+002  -6.01043556e+001  -8.87743793e+000  -1.04437193e+001
  -5.77168252e+001   1.16770943e+001  -2.65885139e+001  -2.82615371e+000
  -1.93258782e+001   6.77695334e+000  -2.84202279e+001  -3.38273570e+001
  -1.79769313e+308  -5.77914997e+000   5.15127840e+001   3.39509590e+000
   1.79769313e+308   0.00000000e+000  -4.36258242e+001  -8.92874509e+001
  -4.68068807e+001  -1.78141200e+001   4.98693437e+001  -5.29835948e+001
  -8.08154909e+000   5.19416413e+001   1.91178902e+000  -7.67946244e+001
  -1.79769313e+308  -5.57242386e+001   3.86473053e+001   2.40003056e+001
  -6.05302354e+000  -1.79769313e+308   7.51026904e+000   3.90575584e+000
  -3.35257793e+000  -1.79769313e+308   4.35769828e+001   9.41940508e+000
  -4.25190201e+001   3.70740574e+001  -1.24311468e+001  -7.45273978e+001
   6.68542497e+001   7.25815964e+001   7.73266312e+001   2.26559272e+001
  -9.96574119e+000  -7.96388033e+000  -9.35353122e+001  -3.87793558e+001
  -1.63283741e+000   1.33831903e+002  -1.79769313e+308   3.98153323e+001
  -1.76084334e+001   2.95248004e+001  -7.23584289e+001  -1.12611221e+001]
[ 28.  22.   7.  27.  26.   8.  22.  10.  19.  15.  27.  10.  17.  25.  16.
  14.  28.   7.  30.   8.  30.  15.   0.   9.  28.  29.  15.  17.   1.  11.
  26.   8.   7.  19.   8.   3.  23.  20.   2.  29.  27.  20.  19.   5.   6.
  24.   4.   7.  14.  22.  16.   7.  23.   5.   0.   4.  28.   9.  10.  12.
  26.  18.  11.   1.  17.  16.  23.  28.  13.  21.  24.  25.   9.  15.  20.
  14.  16.  23.   0.  29.  15.  20.  22.   2.   1.  30.   6.  11.  18.  14.
   3.  14.  20.  25.   8.  27.  17.  14.  30.  21.   9.   4.  20.  27.  24.
  18.   2.  22.  25.  23.  28.  21.  24.   4.  21.   2.  19.  29.   2.   7.
   8.  15.  24.   5.  16.  12.   1.  11.   5.   7.   0.  10.   2.  29.   4.
   9.  10.  15.  15.   2.  31.   9.  21.  26.  18.  15.   9.   2.  29.  26.
  28.  13.  27.  19.   6.   3.  13.   6.  25.   9.   2.  19.  15.  29.  24.
   6.   6.   3.  28.  26.  20.  25.  18.  11.   3.   1.  23.  14.  10.   8.
   2.  10.   7.  30.  16.   4.  16.  29.  13.  30.  10.  14.   1.  21.  26.
   6.   1.   3.   4.   5.  22.   7.  29.   1.   2.  20.   1.  20.  16.  21.
   7.  23.  21.   1.  28.  21.   9.  28.  16.   9.  28.   8.   4.  25.  11.
  25.  20.  21.  13.  18.   8.  30.  23.  26.  26.  15.   8.  17.  30.  19.
   4.   9.  18.  14.  17.  29.  23.  31.   5.  29.   9.   6.  17.   7.   2.
  12.  22.   9.  18.  13.  10.  12.   1.  22.  22.  17.  26.  25.  30.  17.
  10.   4.  31.  27.   5.   2.  23.  15.  26.  22.  31.   3.  17.  26.   7.
  28.   4.   9.  11.  28.   4.  29.  13.  13.  24.  28.  18.  16.  27.  16.
   3.   7.   4.  24.   8.  24.  24.   7.  18.   2.  26.  24.   3.  20.  21.
  27.  16.  30.  20.  11.  12.  29.  17.  10.   5.  12.  20.   8.   3.  28.
  23.  10.  26.   1.  20.  25.  10.  14.  18.   1.  12.  21.   7.  31.  17.
  18.  27.  29.  17.  13.  26.  24.   4.  22.  27.   2.  24.  24.   6.   4.
   8.  22.  30.  10.  15.  10.  14.   6.  11.   8.  13.  31.   2.  22.  22.
  12.  23.  18.   5.  12.  27.  10.   4.   8.  23.  29.  26.   7.  16.  11.
   8.  11.  13.   6.   0.   8.   8.  19.   2.  14.]
[ 18.  11.   6.   9.   1.  22.  29.   2.   2.  15.   1.  18.   4.  27.  20.
  13.  15.   3.  30.  22.  28.  19.  11.  12.   3.  12.  12.   7.   6.  21.
  13.  17.  22.  27.  29.  31.  27.  29.  14.  23.  16.  16.   3.   2.  15.
  12.  12.  23.   5.  23.  29.  12.   7.  14.   9.   2.   6.  23.  15.   3.
   3.  30.  19.  29.   9.  16.  10.  14.  13.  26.  30.  17.   9.   3.  23.
  23.  10.  20.  22.  16.   5.  28.  29.   9.  27.  11.   0.  25.   7.  16.
  15.  14.   6.  10.  30.  30.   5.  21.   5.   4.  16.  24.  29.  26.  28.
  27.  31.   9.  28.  16.  22.  12.  13.  22.  16.   2.   8.  30.  30.  11.
  18.  22.  24.  25.  25.   5.   2.   7.  31.  20.  17.   1.  29.  12.  16.
  11.  11.  27.  31.  15.   6.   7.   2.  27.  28.  20.  29.  28.  16.  26.
   3.  15.  15.   3.   9.  27.  18.   0.  20.  21.  16.  20.  20.  23.   9.
   6.   5.  18.  29.  31.   4.  30.  14.  19.   7.  25.  23.   1.   1.   8.
  24.  23.  27.  18.   0.  20.   0.  14.  30.  30.  17.  20.  21.  21.   0.
   2.   1.  10.  17.  16.  31.   5.  30.  12.  16.   4.  13.   1.  21.  30.
  10.  24.  25.  31.  20.  10.  22.  27.  31.   1.  31.  27.  25.  28.  14.
  21.  25.  10.  11.  19.   0.  11.  26.  13.   1.   6.  19.  30.   6.  22.
  30.   1.  17.   7.   7.  28.  26.  29.  30.  18.  15.  20.  12.  18.   8.
  31.   3.  24.   0.   0.  29.  29.   2.  21.  28.  25.  27.  25.  29.   9.
  18.   1.   6.  13.  23.  23.   6.  30.   8.  16.  13.   6.  26.   4.  29.
  26.  22.  11.  12.   4.  12.  10.  13.   5.   2.  28.  11.  17.  11.  16.
  11.  18.   0.   8.   0.  17.  15.   9.  31.  28.  26.  16.  10.   9.  24.
  27.  15.   7.  31.  27.  28.  16.  30.  11.  20.  11.  23.  31.   6.   0.
  16.  12.  14.   9.  12.   1.   8.  20.  15.  21.  28.  17.  29.  12.  10.
   5.  11.  22.  24.  26.  29.  21.  29.  28.   7.   7.  11.  17.  25.  27.
  15.  24.  18.  23.   8.  20.  27.   7.  29.  27.  13.   0.  18.  18.  19.
  31.  19.   2.   7.  24.  12.   9.  23.  28.   6.   9.   9.  11.   5.   9.
  23.  10.  19.   7.  30.  23.  27.  21.   9.  10.]
[ 0.056124  0.068371  0.011599  0.029488  0.010165  0.018879  0.018927
  0.049008  0.015076  0.028409  0.042719  0.021446  0.054226  0.01418
  0.025615  0.02727   0.018833  0.022899  0.015636  0.021463  0.056214
  0.037082  0.019659  0.073407  0.037859  0.020324  0.056871  0.031488
  0.04951   0.045339  0.056315  0.122116  0.05591   0.011599  0.038186
  0.027997  0.006984  0.049283  0.017106  0.020961  0.044211  0.004608
  0.039856  0.022191  0.025564  0.040897  0.033898  0.039419  0.040537
  0.047766  0.031528  0.040244  0.00848   0.04823   0.004828  0.012994
  0.019055  0.058991  0.084635  0.074382  0.054419  0.058327  0.034942
  0.014374  0.030344  0.008846  0.012999  0.013754  0.030294  0.01096
  0.048991  0.035304  0.030009  0.032456  0.032998  0.053207  0.084458
  0.024598  0.007922  0.041442  0.008146  0.063005  0.078204  0.01035
  0.023453  0.032288  0.024228  0.062026  0.061343  0.007503  0.075372
  0.068347  0.033286  0.019905  0.037112  0.095634  0.014167  0.008645
  0.055503  0.017429  0.044109  0.021501  0.016602  0.074875  0.026595
  0.052514  0.015655  0.052889  0.098301  0.064747  0.029221  0.030805
  0.0112    0.06203   0.053289  0.09365   0.060418  0.009485  0.031879
  0.022483  0.121451  0.023191  0.043796  0.018471  0.049882  0.028073
  0.056416  0.050954  0.024036  0.010307  0.031219  0.009363  0.054619
  0.031717  0.040971  0.039826  0.022661  0.03112   0.008093  0.044701
  0.051761  0.077496  0.034634  0.016564  0.012631  0.035486  0.022957
  0.054     0.042908  0.056853  0.022356  0.027783  0.072528  0.028614
  0.092727  0.041464  0.069665  0.00136   0.037154  0.009844  0.035807
  0.043101  0.033465  0.023153  0.009532  0.007861  0.021336  0.031471
  0.024308  0.039068  0.039215  0.048239  0.018113  0.01347   0.014142
  0.040457  0.031497  0.024557  0.048161  0.096975  0.086865  0.071711
  0.083823  0.021292  0.023971  0.019302  0.034649  0.02574   0.025131
  0.03188   0.034457  0.065595  0.018757  0.02215   0.012973  0.005209
  0.072057  0.018544  0.108219  0.01059   0.031617  0.022962  0.022069
  0.005497  0.046635  0.023619  0.024205  0.063522  0.069948  0.042909
  0.01548   0.069317  0.041203  0.053323  0.064043  0.026946  0.018189
  0.024534  0.015531  0.050368  0.087403  0.049784  0.022935  0.042859
  0.022499  0.010541  0.031632  0.043224  0.029265  0.033889  0.045643
  0.015385  0.034481  0.064498  0.010132  0.033407  0.058472  0.06834
  0.045012  0.053742  0.031859  0.026619  0.00173   0.05124   0.003326
  0.014908  0.068467  0.086083  0.047463  0.014483  0.043498  0.018107
  0.024467  0.004077  0.048461  0.024144  0.043782  0.057103  0.014997
  0.004639  0.039672  0.002953  0.025047  0.032595  0.040416  0.02874
  0.037837  0.050163  0.039358  0.029816  0.01288   0.037946  0.009598
  0.022733  0.055081  0.031955  0.057652  0.017934  0.034412  0.067055
  0.093649  0.019687  0.020414  0.009069  0.094521  0.057109  0.045849
  0.030092  0.035007  0.066694  0.055477  0.04717   0.008392  0.006066
  0.066141  0.033307  0.061354  0.072652  0.055549  0.052125  0.039353
  0.028469  0.035335  0.038531  0.021102  0.070605  0.02752   0.011749
  0.060236  0.056275  0.068139  0.022746  0.02635   0.047917  0.072563
  0.059251  0.021227  0.02137   0.007892  0.021015  0.005892  0.017698
  0.034654  0.002385  0.00861   0.050541  0.057603  0.047581  0.036357
  0.032218  0.025216  0.022567  0.029168  0.011398  0.038485  0.040604
  0.062869  0.056842  0.089768  0.074126  0.019159  0.044342  0.038637
  0.004906  0.025946  0.015666  0.009936  0.051222  0.048387  0.021351
  0.017707  0.032508  0.01834   0.056856  0.041366  0.076221  0.008886
  0.06135   0.04961   0.014098  0.023296  0.041926  0.077515  0.107806
  0.012099  0.014218  0.050342  0.023403  0.014312  0.006255  0.021541
  0.057246  0.039922  0.045403  0.008696  0.023087  0.005429  0.002809
  0.041002  0.018619  0.015536  0.015628  0.018883  0.033199  0.030098
  0.027951  0.019865  0.020802  0.0052    0.036275  0.03832   0.028497
  0.030237  0.049057  0.031498  0.015929  0.053684  0.039526  0.056157
  0.005697]
[ 0.014768  0.077005  0.037053  0.094907  0.045069  0.088463  0.073615
  0.078997  0.043769  0.04706   0.047766  0.082258  0.094915  0.103526
  0.142789  0.145     0.150108  0.074355  0.048671  0.079699  0.097837
  0.113386  0.115368  0.081128  0.074977  0.101793  0.080557  0.088568
  0.132811  0.082267  0.082899  0.161603  0.163931  0.09425   0.152843
  0.116561  0.092373  0.071816  0.165419  0.072057  0.054653  0.13513
  0.09626   0.128929  0.061496  0.111725  0.075217  0.129143  0.053519
  0.102586  0.108684  0.122288  0.095959  0.037225  0.102657  0.086871
  0.071577  0.115018  0.099697  0.110518  0.063629  0.080817  0.020532
  0.082281  0.113682  0.101895  0.110068  0.080591  0.085578  0.094996
  0.09047   0.082616  0.108109  0.06746   0.149526  0.092785  0.128769
  0.101525  0.056699  0.036288  0.099411  0.088582  0.111046  0.101624
  0.083169  0.118226  0.069025  0.052976  0.112257  0.072979  0.071267
  0.025304  0.092369  0.117613  0.143373  0.050893  0.088419  0.135488
  0.126617  0.117076  0.059339  0.11474   0.121973  0.118543  0.091583
  0.146196  0.083368  0.093893  0.06865   0.143077  0.05905   0.092795
  0.128476  0.124764  0.130721  0.111834  0.130583  0.081734  0.108133
  0.043447  0.109515  0.106554  0.091525  0.150385  0.110469  0.080152
  0.062986  0.061348  0.112361  0.119212  0.072711  0.060357  0.050834
  0.14443   0.156509  0.052485  0.071853  0.107874  0.118186  0.09093
  0.035099  0.077042  0.106749  0.069357  0.087019  0.11118   0.138901
  0.173097  0.063821  0.123025  0.070534  0.081618  0.056925  0.065934
  0.10403   0.086969  0.050548  0.113959  0.148325  0.100649  0.097811
  0.12339   0.104438  0.136002  0.153361  0.083555  0.101648  0.112078
  0.109345  0.090881  0.117196  0.07958   0.042293  0.12686   0.068204
  0.063119  0.088812  0.15518   0.091644  0.131841  0.157454  0.056483
  0.08622   0.144513  0.080194  0.129332  0.1021    0.132907  0.119382
  0.060496  0.131082  0.085782  0.106356  0.091911  0.130218  0.077633
  0.143636  0.051874  0.086863  0.106595  0.080295  0.097052  0.077203
  0.108815  0.079251  0.123578  0.096267  0.129354  0.157802  0.123427
  0.134746  0.082185  0.076375  0.109501  0.125349  0.084609  0.072136
  0.182306  0.101084  0.079036  0.10943   0.051724  0.088664  0.117501
  0.074263  0.088718  0.052611  0.0778    0.052194  0.073827  0.144412
  0.032641  0.084709  0.047184  0.110642  0.074088  0.109817  0.044316
  0.067302  0.052983  0.162959  0.059603  0.064195  0.126248  0.129094
  0.129991  0.09338   0.164638  0.095265  0.076797  0.081829  0.101937
  0.108834  0.09103   0.126696  0.086229  0.153321  0.07942   0.074123
  0.141552  0.10538   0.067486  0.08516   0.062384  0.138992  0.100788
  0.104059  0.112466  0.085573  0.105096  0.03956   0.095891  0.055973
  0.111068  0.092563  0.071671  0.077075  0.028392  0.170256  0.09649
  0.125362  0.085544  0.123368  0.109874  0.124829  0.060429  0.050611
  0.072376  0.110613  0.07806   0.068332  0.132874  0.070524  0.113854
  0.108766  0.136176  0.089248  0.108672  0.116983  0.131721  0.109126
  0.057064  0.12467   0.112898  0.074651  0.153735  0.075028  0.108786
  0.057632  0.15349   0.087555  0.143222  0.053375  0.104646  0.080408
  0.105465  0.079819  0.146379  0.078626  0.092508  0.111222  0.147354
  0.056927  0.051272  0.04263   0.09276   0.035131  0.113662  0.06254
  0.166243  0.08654   0.078907  0.100877  0.125357  0.109057  0.151863
  0.099724  0.162178  0.070613  0.091171  0.083541  0.081882  0.097309
  0.096238  0.069913  0.092385  0.085807  0.101144  0.10007   0.073028
  0.104045  0.079927  0.132074  0.093512  0.144013  0.104029  0.061353
  0.062732  0.125512  0.112508  0.065853  0.083707  0.100781  0.045078
  0.070211  0.081013  0.076418  0.080964  0.099622  0.149878  0.085332
  0.125416  0.045046  0.073758  0.111599  0.105272  0.070978  0.052551
  0.079183  0.080063  0.150523  0.10518   0.096805  0.128353  0.060712
  0.11387   0.054375  0.042077  0.154443  0.059953  0.113107  0.073364
  0.071597  0.11691   0.113045  0.056552  0.086055  0.181552  0.121424
  0.142284]
[ 0.038104  0.072185  0.08705   0.085363  0.127066  0.135696  0.015167
  0.09757   0.072301  0.070875  0.135221  0.127417  0.12315   0.144553
  0.104901  0.129898  0.098765  0.145679  0.081476  0.118046  0.069924
  0.126536  0.122445  0.113768  0.120225  0.092852  0.171687  0.053604
  0.081234  0.056872  0.087782  0.104198  0.112391  0.119186  0.029643
  0.040001  0.137086  0.08038   0.062017  0.112181  0.179425  0.104372
  0.129681  0.170141  0.0212    0.078454  0.063849  0.111391  0.085817
  0.104096  0.127516  0.131     0.135384  0.113902  0.083189  0.092526
  0.081501  0.087364  0.078632  0.091826  0.097925  0.103038  0.072451
  0.079719  0.131323  0.117072  0.153341  0.107486  0.066063  0.148522
  0.070341  0.135289  0.064307  0.056723  0.144636  0.096162  0.117191
  0.113066  0.133118  0.123357  0.124841  0.091828  0.125731  0.174753
  0.076636  0.071762  0.117373  0.102234  0.094724  0.111046  0.066726
  0.076155  0.142799  0.077524  0.11946   0.073856  0.084311  0.110511
  0.124513  0.161722  0.118159  0.107841  0.137796  0.067489  0.125786
  0.139775  0.104072  0.092291  0.0872    0.191413  0.098245  0.054132
  0.13953   0.064386  0.104496  0.117053  0.111387  0.102588  0.082136
  0.068416  0.072182  0.107566  0.072535  0.130861  0.128402  0.096037
  0.199333  0.080248  0.085243  0.05714   0.114294  0.080717  0.062371
  0.118113  0.139549  0.138522  0.096067  0.131519  0.12039   0.107324
  0.152362  0.129941  0.089003  0.106054  0.077282  0.075229  0.101458
  0.129898  0.118921  0.127108  0.097917  0.079636  0.124813  0.05672
  0.103431  0.086408  0.122905  0.164717  0.106246  0.094652  0.132317
  0.058841  0.082648  0.110461  0.146487  0.143673  0.10974   0.100684
  0.081197  0.081867  0.100204  0.069721  0.149176  0.128865  0.164725
  0.096068  0.14177   0.150038  0.107568  0.134769  0.124036  0.099237
  0.137488  0.101806  0.086661  0.042285  0.102408  0.104127  0.126958
  0.125523  0.106188  0.056229  0.136852  0.098511  0.148516  0.070479
  0.167639  0.120946  0.146185  0.109574  0.120849  0.109946  0.116132
  0.094228  0.111536  0.053166  0.077382  0.110907  0.091305  0.169054
  0.156323  0.087617  0.127333  0.099085  0.088433  0.077315  0.096272
  0.121369  0.134855  0.081774  0.119029  0.092079  0.094158  0.074768
  0.115637  0.032267  0.131174  0.091826  0.099809  0.112179  0.076032
  0.126199  0.105977  0.094127  0.124226  0.134644  0.095304  0.140572
  0.118258  0.115544  0.124778  0.167728  0.151716  0.089794  0.15786
  0.128127  0.147264  0.111584  0.126808  0.073903  0.068488  0.100365
  0.11684   0.109194  0.129808  0.108602  0.079619  0.096318  0.067791
  0.117762  0.053694  0.047166  0.078031  0.089892  0.082422  0.061523
  0.132739  0.064355  0.130083  0.160109  0.144338  0.11663   0.118442
  0.046605  0.156251  0.081653  0.150231  0.082228  0.103207  0.09657
  0.132225  0.096831  0.116795  0.086098  0.078021  0.111707  0.067564
  0.099541  0.084778  0.132426  0.091086  0.17464   0.078371  0.101458
  0.113862  0.090826  0.129375  0.105798  0.124597  0.111001  0.111087
  0.174488  0.077149  0.105746  0.10309   0.124624  0.075499  0.115425
  0.144861  0.092233  0.123822  0.093055  0.045714  0.114238  0.070925
  0.116723  0.107884  0.128737  0.116761  0.13123   0.142557  0.129476
  0.087006  0.116637  0.051309  0.084925  0.111603  0.132808  0.077354
  0.123982  0.153197  0.031117  0.078573  0.129254  0.069012  0.16742
  0.099824  0.068894  0.109858  0.11089   0.111306  0.153284  0.108312
  0.026558  0.163237  0.070889  0.064266  0.101876  0.057688  0.129
  0.069845  0.172982  0.095907  0.121338  0.063307  0.123714  0.094706
  0.123672  0.136078  0.122591  0.141075  0.104079  0.139218  0.111672
  0.099977  0.051083  0.137351  0.130467  0.079724  0.111017  0.084131
  0.087026  0.148048  0.087554  0.135314  0.095543  0.093639  0.094868
  0.054292  0.110163  0.079215  0.087109  0.123003  0.069963  0.067054
  0.100754  0.110539  0.141596  0.129802  0.157208  0.132285  0.118382
  0.076197  0.089016  0.045537  0.110164  0.106038  0.029698  0.113286
  0.109441]
[ 0.057439  0.064261  0.064228  0.062753  0.071672  0.096881  0.047451
  0.081672  0.081861  0.091628  0.121387  0.0783    0.091831  0.110373
  0.088897  0.095461  0.098383  0.045996  0.139262  0.047461  0.152992
  0.093823  0.140927  0.107196  0.077386  0.080003  0.155844  0.122576
  0.083603  0.088318  0.092     0.035861  0.075294  0.083274  0.050465
  0.061744  0.074517  0.11481   0.106058  0.101484  0.054133  0.027959
  0.067648  0.070475  0.079252  0.136874  0.084729  0.027294  0.130852
  0.066362  0.096032  0.124088  0.017313  0.05549   0.07797   0.027632
  0.100261  0.043613  0.127261  0.088921  0.088173  0.085611  0.120476
  0.139481  0.100533  0.157659  0.039326  0.081544  0.111353  0.042062
  0.111017  0.105555  0.080209  0.073814  0.039177  0.097656  0.110914
  0.002703  0.090629  0.142142  0.113405  0.104333  0.133137  0.077539
  0.09955   0.074793  0.060193  0.04559   0.126695  0.056118  0.108682
  0.104264  0.034694  0.068719  0.13317   0.071445  0.110318  0.160794
  0.080205  0.103838  0.140558  0.11856   0.08211   0.090302  0.150824
  0.080914  0.059006  0.071992  0.096731  0.046978  0.108368  0.088818
  0.112062  0.119411  0.10755   0.075589  0.050172  0.146404  0.082793
  0.100966  0.057412  0.076001  0.062347  0.055871  0.075036  0.045034
  0.12336   0.092548  0.061324  0.105293  0.049608  0.123202  0.110366
  0.115368  0.100107  0.085768  0.073525  0.120718  0.135771  0.133511
  0.096163  0.069813  0.110999  0.192685  0.145388  0.063209  0.071382
  0.086835  0.098272  0.058751  0.065873  0.175859  0.139151  0.078252
  0.097869  0.107432  0.068897  0.077029  0.099484  0.093395  0.048065
  0.048125  0.151222  0.139848  0.072043  0.033987  0.080793  0.088459
  0.111815  0.102467  0.033126  0.177097  0.107602  0.033378  0.13409
  0.08186   0.103657  0.0678    0.034251  0.080487  0.045436  0.017172
  0.109563  0.093938  0.075783  0.145886  0.080876  0.093579  0.069529
  0.091245  0.049807  0.076958  0.059477  0.029712  0.131958  0.05893
  0.051028  0.095978  0.104007  0.047177  0.064894  0.123416  0.131329
  0.069391  0.086966  0.13089   0.09321   0.068884  0.090388  0.101814
  0.111973  0.078011  0.14403   0.097682  0.160491  0.115225  0.077293
  0.086838  0.141199  0.179807  0.126852  0.085737  0.120977  0.117377
  0.123779  0.119727  0.05689   0.089964  0.156552  0.076594  0.077595
  0.132768  0.092826  0.062267  0.08794   0.107003  0.068858  0.109354
  0.038601  0.078747  0.097006  0.084395  0.122579  0.104327  0.096038
  0.111721  0.092851  0.056422  0.12597   0.117751  0.135074  0.075469
  0.076806  0.034389  0.09682   0.118407  0.080115  0.030478  0.143813
  0.085931  0.11042   0.119585  0.076515  0.051422  0.052828  0.092484
  0.07459   0.109216  0.123531  0.099883  0.090236  0.034448  0.088652
  0.113637  0.067194  0.074623  0.145524  0.094374  0.115621  0.105829
  0.106687  0.068176  0.086454  0.075065  0.076646  0.127212  0.063601
  0.053586  0.109891  0.101083  0.109819  0.110545  0.076083  0.115667
  0.086853  0.09451   0.125686  0.114059  0.129887  0.114885  0.15512
  0.075738  0.03542   0.030383  0.029932  0.047158  0.12062   0.027416
  0.126855  0.129586  0.058881  0.068245  0.114356  0.115131  0.030115
  0.086123  0.152081  0.10172   0.096157  0.144897  0.13693   0.151171
  0.074126  0.099748  0.09378   0.123396  0.108657  0.056288  0.080724
  0.128737  0.126158  0.032603  0.078456  0.069901  0.065184  0.068471
  0.109055  0.090851  0.138974  0.083295  0.096313  0.062443  0.116171
  0.129666  0.119407  0.117641  0.126218  0.079915  0.102788  0.123248
  0.061768  0.02257   0.039192  0.077038  0.098172  0.079135  0.145471
  0.086312  0.158042  0.061065  0.091631  0.020857  0.139004  0.084298
  0.023681  0.068752  0.106003  0.102876  0.130959  0.102385  0.109258
  0.093961  0.093883  0.041027  0.070241  0.124522  0.125037  0.131137
  0.116771  0.116599  0.120015  0.076685  0.063681  0.072305  0.08759
  0.086096  0.068523  0.134319  0.069387  0.14329   0.081609  0.141367
  0.109072  0.088503  0.120204  0.127166  0.073909  0.142751  0.102279
  0.136882]
[ 0.080964  0.106194  0.071228  0.074011  0.066379  0.063976  0.074951
  0.141011  0.053848  0.059183  0.12205   0.098279  0.09323   0.096196
  0.104871  0.060357  0.030267  0.158412  0.110804  0.132759  0.074761
  0.119053  0.084776  0.036417  0.047516  0.045666  0.078522  0.139298
  0.134712  0.039055  0.069111  0.101798  0.071923  0.041668  0.053715
  0.116784  0.045706  0.060933  0.134084  0.094071  0.070073  0.024485
  0.10512   0.136649  0.116686  0.091462  0.078062  0.10403   0.088471
  0.053001  0.103362  0.100566  0.062643  0.020819  0.101339  0.076442
  0.09087   0.141209  0.054348  0.086068  0.16286   0.110828  0.071037
  0.045872  0.141355  0.108888  0.091688  0.173679  0.040701  0.080075
  0.103244  0.124221  0.099648  0.128516  0.090591  0.096603  0.093482
  0.158504  0.067605  0.066668  0.062997  0.057001  0.085118  0.068199
  0.10917   0.066178  0.012899  0.099432  0.088834  0.095818  0.089592
  0.090289  0.14982   0.097725  0.154622  0.061952  0.084899  0.063979
  0.086423  0.106416  0.08469   0.080104  0.127008  0.087119  0.069282
  0.125468  0.121631  0.068794  0.106741  0.08107   0.123342  0.075219
  0.057308  0.086216  0.110366  0.140988  0.037345  0.081614  0.147226
  0.143067  0.091624  0.066214  0.160707  0.095667  0.08775   0.077414
  0.12997   0.099902  0.1286    0.093866  0.056728  0.105921  0.104915
  0.115246  0.131668  0.106226  0.081527  0.121391  0.061845  0.048942
  0.099452  0.109434  0.109241  0.0456    0.076452  0.151485  0.097672
  0.110284  0.099792  0.013675  0.074907  0.111343  0.091724  0.068851
  0.109032  0.045359  0.063088  0.093761  0.091556  0.139797  0.039479
  0.089577  0.127182  0.100065  0.113264  0.075296  0.116911  0.076821
  0.119484  0.095187  0.118229  0.087399  0.081953  0.075835  0.121603
  0.075468  0.118082  0.101037  0.044915  0.112971  0.099201  0.073781
  0.053683  0.089133  0.079075  0.115888  0.01083   0.072751  0.022988
  0.082828  0.061288  0.094363  0.057104  0.049197  0.12366   0.13176
  0.059301  0.086035  0.103216  0.104544  0.091108  0.086155  0.084409
  0.123713  0.054482  0.120246  0.098351  0.06292   0.087318  0.032201
  0.080363  0.116453  0.098007  0.113025  0.157023  0.09441   0.12684
  0.051685  0.084577  0.057154  0.094177  0.098036  0.097194  0.066375
  0.116351  0.097551  0.069694  0.079858  0.101611  0.131472  0.127385
  0.094609  0.096575  0.047912  0.117651  0.113111  0.134427  0.073215
  0.074102  0.071201  0.05666   0.092184  0.068228  0.084689  0.075372
  0.1016    0.109757  0.124618  0.063156  0.098182  0.090129  0.125362
  0.110023  0.180524  0.008371  0.061493  0.16746   0.10128   0.083924
  0.11973   0.112741  0.106584  0.078902  0.108738  0.067162  0.101764
  0.064479  0.055541  0.019084  0.137831  0.144909  0.070882  0.052711
  0.08508   0.110001  0.062017  0.049433  0.01432   0.053065  0.043907
  0.040584  0.145439  0.123709  0.100831  0.095196  0.105755  0.118433
  0.118573  0.08145   0.129264  0.154238  0.085656  0.126204  0.063886
  0.12232   0.076179  0.066892  0.158424  0.085648  0.128437  0.105391
  0.072639  0.12388   0.074273  0.0652    0.071588  0.085906  0.135433
  0.145224  0.106779  0.052548  0.14549   0.126266  0.048299  0.067163
  0.07348   0.130699  0.066144  0.129511  0.093046  0.06717   0.038408
  0.088183  0.1747    0.106968  0.062661  0.106099  0.082192  0.087523
  0.088847  0.12557   0.143967  0.072059  0.078689  0.054484  0.090396
  0.142086  0.046526  0.130767  0.110018  0.079269  0.121059  0.124426
  0.058202  0.085999  0.150563  0.04116   0.094024  0.09942   0.107215
  0.115025  0.091759  0.05902   0.101952  0.09215   0.112516  0.114857
  0.112417  0.140655  0.113156  0.074288  0.098425  0.101623  0.12654
  0.184617  0.103824  0.046169  0.090609  0.153297  0.047408  0.122174
  0.098037  0.060825  0.109161  0.137421  0.182918  0.132857  0.042807
  0.142552  0.116637  0.10483   0.081192  0.037781  0.109462  0.099277
  0.097652  0.126004  0.047601  0.076795  0.080843  0.057728  0.111045
  0.08093   0.103955  0.107894  0.143117  0.120679  0.105864  0.130772
  0.082093]
[  43.084    57.2747   65.1653   54.4799   48.0645   75.959    71.0641
   68.9533   81.43    107.762   103.551    95.1223   97.0356  101.407
  116.552   111.101    95.8876  101.723   120.788   102.797   126.547
  128.12    127.098   113.379   130.613   111.542   120.4     128.614
  106.998   116.068   103.934   128.517   121.233   116.163   122.317
  115.129   130.642   120.128   133.252   113.651   107.533   122.347
  118.275   138.45    129.417   119.596   101.899   115.359   107.789
  116.345   139.179   102.445   104.915   103.477   107.635    99.9365
  115.612   119.204   113.335   155.454   111.32    134.011   103.754
  117.362   102.555   128.731    94.2226  111.752    92.8783   92.8129
  132.184   130.337    95.6538  124.84    109.35    118.799   135.061
  119.74    112.581   101.507   105.35    123.705   131.103   137.292
  121.393   136.564   106.743   112.184   110.448   118.943   134.967
  122.847   114.683   115.58    104.686   127.247   113.787   121.972
  122.997   130.692   151.378   126.662   135.429   119.98    122.226
  126.379   129.19    133.427   137.572   116.708   123.113   104.451
  122.36    109.282   111.047   116.461   129.124   122.222   116.499
  129.836   144.435   160.266   104.624   116.061   119.264   112.29
  148.25    128.584   108.244   120.618    93.7288  109.093   123.553
  118.841   116.973   116.603   130.823   104.511   111.891   138.652
  125.002   116.184   112.118   129.77    116.234   118.897   125.504
  149.385   141.926   162.657   116.807   120.948   146.154   126.848
  132.268   124.353   102.218   124.471   125.312   130.722   117.588
  107.397   137.282   119.767   105.007   124.558   129.171   108.217
  126.973   121.823    95.4639  123.58    118.458   106.033   128.369
   98.3622  126.224   131.908   126.883   129.738   157.033   125.282
  101.612   134.235   126.46    109.137   133.87    105.324   120.221
  121.529   107.307   126.765    95.4001  112.183   119.17    104.288
  129.043   133.689   131.317   122.288   135.705   133.738   151.208
  110.805   127.648   142.91    127.716   131.135   136.679   112.426
  128.907   141.394   111.346   129.487   127.72    124.537   129.653
  133.88    102.366   127.839   133.379   139.011   124.794   126.065
  108.726   127.342   123.876   128.958   116.274   143.172   118.777
  107.227   120.504   110.499   126.376   112.715   133.719    95.3864
  102.096   114.204   127.706   100.789   131.076   116.299   126.528
  135.828   127.378   148.239   123.288   120.041   145.434   111.499
  127.829   133.899   124.657   123.467   110.616   157.181   123.266
  122.311   121.742   122.564   120.385   108.917   120.994   144.189
  142.696   127.377   116.054   117.35    140.926   103.444   132.134
  135.977   108.835   103.745   124.405   140.274    98.5255  124.424
  129.23     91.2351  114.48    134.834   101.55    135.382   143.027
  125.721   122.708   123.008   131.783   107.421   127.888   118.304
  133.787   139.499   126.783   135.807   144.323   139.755   142.725
  138.532   119.864   119.295   133.009   124.444   131.989   105.728
  117.572   124.431   127.171   116.191   104.766   128.721   133.971
  135.861   120.373   112.335   125.637   144.072   121.206   143.971
  119.034   111.165   117.423   134.353   124.56    109.286   131.507
  126.007   109.511   126.702   118.931   119.469   123.816   121.223
  149.114   135.279   151.66    132.288   147.775   129.147   120.526
  139.821   132.587   144.092   124.394   104.182    95.9318  113.045
  118.033   121.004   100.608   115.724   133.28    113.604   124.96
  110.315   101.299   114.228   100.535   100.135   125.645   109.825
  134.558   123.843   113.103   120.212   133.559   136.551   116.685
  123.78    115.898   105.468   114.018   113.024   111.621   121.005
   96.7807  123.653   128.49    114.655   122.343   130.103   106.574
  131.926   125.57    124.26    127.722   143.172   131.771   120.994
  108.931   115.947   125.747   143.207   122.409   120.068   139.443
  132.046 ]
[ 1.04693   1.04921   1.04822   0.99477   1.08528   1.02486   1.04085
  1.05532   0.996134  1.0017    1.03906   1.03211   1.00463   1.00525
  0.999977  1.04088   0.983953  1.04919   1.07543   1.02582   1.01753
  1.03416   1.06545   1.00822   1.05771   1.02485   1.04569   1.02628
  1.00473   0.946049  1.08501   1.00111   1.01961   0.985928  0.990323
  1.01428   0.944079  0.990431  0.978426  0.954302  1.04876   1.00476
  0.959465  0.926556  1.03596   1.07083   1.00153   0.936859  1.00802
  0.955222  1.02144   0.993085  0.997143  1.02598   1.01137   0.999687
  1.00554   1.02685   1.00461   0.995346  1.01072   0.955207  1.03525
  1.03995   0.997389  0.985292  0.972695  1.00638   1.0671    1.00434
  1.02234   0.985076  1.03535   0.99513   0.995172  0.959119  1.00479
  1.04372   1.00879   1.0558    1.02253   1.01418   0.962111  0.969814
  1.00662   0.994837  1.02546   1.00337   1.02325   1.02017   1.05064
  1.00554   0.977939  1.03499   1.00678   1.01901   0.952431  1.01341
  0.985887  1.02207   1.02919   1.01975   1.03412   0.974335  0.972329
  1.0207    1.01376   1.02973   1.02202   1.02728   0.990463  0.975019
  0.975763  0.985399  0.935039  1.0106    0.99616   1.06093   0.968592
  1.00764   1.01371   0.961851  1.0023    0.946351  0.989519  0.978074
  1.02898   0.985094  1.00449   0.961846  1.05274   1.00287   0.95897
  0.996376  1.06392   0.978224  0.984262  1.02658   0.99425   0.985416
  0.965386  0.997892  0.970786  1.01926   1.01813   1.01029   0.979744
  0.941855  0.960125  0.992668  0.995431  0.958671  0.991669  1.01544
  0.948357  1.04945   0.947623  1.0086    0.98731   1.01082   0.964295
  1.00262   1.02107   1.00166   0.987458  1.03565   1.0321    0.981213
  1.03202   0.956933  0.98398   1.01557   1.02221   1.00659   1.00289
  0.991245  0.989427  0.982429  0.961773  1.05665   0.992193  0.988286
  0.956222  1.00212   0.981001  0.981127  0.959093  0.956567  0.976701
  1.00083   0.97542   0.99432   1.02759   0.976026  1.03679   0.997037
  0.947037  1.00676   1.00046   1.00224   1.00084   0.960834  1.00868
  0.992999  0.996961  1.04256   1.00492   1.03991   1.01451   1.01913
  0.984784  0.968364  0.980434  0.949646  0.934402  0.979489  0.958508
  1.00218   0.987773  0.95546   0.970812  0.965911  0.965326  1.04034
  1.01895   1.00931   1.00808   1.04113   1.03232   1.00767   1.06631
  0.993274  0.997216  1.00915   0.951727  0.986031  0.940463  1.00771
  1.00857   1.02084   1.02074   1.02548   1.00075   0.965523  0.956385
  1.03508   0.983499  1.0279    1.01667   1.05069   0.984635  1.00942
  0.989179  0.981185  1.02653   0.980821  1.03309   0.999536  0.993844
  0.958236  1.00331   0.961564  1.01988   0.975186  1.02598   1.01267
  0.971766  1.00003   0.95083   1.00766   1.06862   1.03077   1.01835
  0.952295  1.02262   0.995912  0.9684    0.981946  0.997397  0.980571
  1.02628   1.02522   0.99941   0.97933   1.02809   0.987758  1.07956
  1.02646   1.00637   0.985928  1.07085   1.00997   1.00722   0.968885
  1.02774   1.05085   0.97129   1.00151   1.00015   1.03637   0.966217
  0.975732  1.03708   0.994038  0.968507  0.990308  0.993917  1.02284
  0.995403  1.07125   1.0133    0.986518  1.07103   0.987459  0.990178
  0.956204  1.04486   1.03963   1.00177   0.985177  1.02648   1.02769
  1.01067   1.00918   1.04467   0.936996  0.993771  1.03242   1.02571
  0.98935   1.00344   1.00054   1.00701   0.989038  0.989583  1.02441
  1.02811   0.911435  0.975164  1.03885   0.958371  0.996313  0.99357
  0.987866  0.990954  1.03511   0.997068  1.01341   1.01611   0.967068
  0.971538  1.0153    1.06856   1.02843   1.00887   1.01352   1.0045
  0.957463  0.949584  0.968793  1.03148   1.00087   0.99382   1.01283
  1.01689   1.04187   1.00836   0.9833    1.01681   1.02109   1.04639
  0.990875  1.00692   1.0077    1.02241   1.01021   1.0105    1.03192
  1.03917   1.06163   0.978528  1.00136   0.966327  1.00405   0.99506
  0.964452  1.0011    1.05698   0.967594  0.9894    0.996419  1.01656
  0.972154  1.06437   0.978986  0.972253  0.969081  0.97854   1.01236
  0.96141 ]





The current behavior of correlate is deprecated for 1.4.0, and will be removed
for NumPy 1.5.0.
    
The new behavior fits the conventional definition of correlation: inputs are
never swapped, and the second argument is conjugated for complex arrays.


do_autocor: Note that algorithm subtracts the mean first, for ease of finding correlation length. It does not divide by std.

