
R version 2.7.0 (2008-04-22)
Copyright (C) 2008 The R Foundation for Statistical Computing
ISBN 3-900051-07-0

R is free software and comes with ABSOLUTELY NO WARRANTY.
You are welcome to redistribute it under certain conditions.
Type 'license()' or 'licence()' for distribution details.

  Natural language support but running in an English locale

R is a collaborative project with many contributors.
Type 'contributors()' for more information and
'citation()' on how to cite R or R packages in publications.

Type 'demo()' for some demos, 'help()' for on-line help, or
'help.start()' for an HTML browser interface to help.
Type 'q()' to quit R.

> ##
> #####    Making and pdf files of the specified data
> ##
> 
> 
> infileQ0WaveletDat1 = 'quicko_64_output.txt'
> 
> Q0WaveletDat1 <- read.table(infileQ0WaveletDat1, header = TRUE, sep = "", quote = "\"'",
+            na.strings = "NA", colClasses = NA, nrows = -1,
+            skip = 0, check.names = FALSE,
+            comment.char = "#",
+            allowEscapes = FALSE, flush = FALSE,
+            encoding = "unknown")
> 
> Q0MHIter <- Q0WaveletDat1[[1]]
> Q0MHCovar <- Q0WaveletDat1[[2]]
> Q0MHLevel0 <- Q0WaveletDat1[[3]]
> Q0MHLevel1 <- Q0WaveletDat1[[4]]
> Q0MHLevel2 <- Q0WaveletDat1[[5]]
> Q0MHLevel3 <- Q0WaveletDat1[[6]]
> Q0MHLevel4 <- Q0WaveletDat1[[7]]
> 
> 
> 
> xrangeQ0Wavelet <- numeric(2)
> yrangeQ0Wavelet <- numeric(2)
> xrangeQ0Wavelet[1] = 0.
> xrangeQ0Wavelet[2] = 0.4
> yrangeQ0Wavelet[1] = 0.
> yrangeQ0Wavelet[2] = 0.4
> 
> 
> ## Each trace or 'time-series' (statistics jargon) plot
> ## 
> 
> 
> ## Next File:
> ##
> 
> png("Q0Wavelet_64_Level0_Line.png", height=320, width=320, units="px" )
> 
> plot(Q0MHCovar,Q0MHLevel0,type="o",
+ xlab='Iteration Number',
+ ylab='Wavelet Level-Param 0',
+ pch='.',col="black",
+ cex.main=1.4,cex.lab=1.4)
> #lines(I2MSLevel0,col="blue")
> 
> 
> dev.off()
null device 
          1 
> 
> ## Next File:
> ##
> 
> png("Q0Wavelet_64_Level1_Line.png", height=320, width=320, units="px" )
> 
> plot(Q0MHCovar,Q0MHLevel1,type="o",
+ xlab='Iteration Number',
+ ylab='Wavelet Level 1',
+ pch='.',col="black",
+ cex.main=1.4,cex.lab=1.4)
> #lines(I2MSLevel1,col="blue")
> 
> 
> dev.off()
null device 
          1 
> 
> ## Next File:
> ##
> 
> png("Q0Wavelet_64_Level2_Line.png", height=320, width=320, units="px" )
> 
> plot(Q0MHCovar,Q0MHLevel2,type="o",
+ xlab='Iteration Number',
+ ylab='Wavelet Level 2',
+ pch='.',col="black",
+ cex.main=1.4,cex.lab=1.4)
> #lines(I2MSLevel2,col="blue")
> 
> 
> dev.off()
null device 
          1 
> 
> ## Next File:
> ##
> 
> png("Q0Wavelet_64_Level3_Line.png", height=320, width=320, units="px" )
> 
> 
> plot(Q0MHCovar,Q0MHLevel3,type="o",
+ xlab='Iteration Number',
+ ylab='Wavelet Level 3',
+ pch='.',col="black",
+ cex.main=1.4,cex.lab=1.4)
> #lines(I2MSLevel3,col="blue")
> 
> dev.off()
null device 
          1 
> 
> 
> ## Next File:
> ##
> 
> png("Q0Wavelet_64_Level4_Line.png", height=320, width=320, units="px" )
> 
> plot(Q0MHCovar,Q0MHLevel4,type="o",
+ xlab='Iteration Number',
+ ylab='Wavelet Level 4',
+ pch='.',col="black",
+ cex.main=1.4,cex.lab=1.4)
> #lines(I2MSLevel4,col="blue")
> 
> dev.off()
null device 
          1 
> 
> 
> 
