
R version 2.7.0 (2008-04-22)
Copyright (C) 2008 The R Foundation for Statistical Computing
ISBN 3-900051-07-0

R is free software and comes with ABSOLUTELY NO WARRANTY.
You are welcome to redistribute it under certain conditions.
Type 'license()' or 'licence()' for distribution details.

  Natural language support but running in an English locale

R is a collaborative project with many contributors.
Type 'contributors()' for more information and
'citation()' on how to cite R or R packages in publications.

Type 'demo()' for some demos, 'help()' for on-line help, or
'help.start()' for an HTML browser interface to help.
Type 'q()' to quit R.

> ##
> #####    Making and pdf files of the specified data
> ##
> 
> 
> infileAutoCorPar = 'PoisDatons32x32EEMC2_NoBckgrnd.autocor'
> 
> 
> AutoCorPar <- read.table(infileAutoCorPar, header = TRUE, sep = "", quote = "\"'",
+            na.strings = "NA", colClasses = NA, nrows = -1,
+            skip = 0, check.names = TRUE,
+            comment.char = "#",
+            allowEscapes = FALSE, flush = FALSE,
+            encoding = "unknown")
> 
> AutocorIter <- AutoCorPar[[1]]
> AutocorLogProb <- AutoCorPar[[2]]
> AutocorProbStep <- AutoCorPar[[3]]
> AutocorSpinRow <- AutoCorPar[[4]]
> AutocorSpinCol <- AutoCorPar[[5]]
> AutocorHyp0 <- AutoCorPar[[6]]
> AutocorHyp1 <- AutoCorPar[[7]]
> AutocorHyp2 <- AutoCorPar[[8]]
> AutocorHyp3 <- AutoCorPar[[9]]
> AutocorHyp4 <- AutoCorPar[[10]]
> AutocorExpMSCnts <- AutoCorPar[[11]]
> 
> 
> atitle = infileAutoCorPar
> xrangeAutocor <- numeric(2)
> yrangeAutocor <- numeric(2)
> xrangeAutocor[1] = 0.
> xrangeAutocor[2] = 0.4
> yrangeAutocor[1] = 0.
> yrangeAutocor[2] = 0.4
> 
> 
> rangeLog10MSCnts <- numeric(2)
> rangeLog10MSCnts[1] = 2.2
> rangeLog10MSCnts[2] = 3.4
> 
> ## No Background for this one:
> #rangeLog10BkgScale <- numeric(2)
> #rangeLog10BkgScale[1] = 0.38
> #rangeLog10BkgScale[2] = 0.42
> 
> rangeLog10Prob <- numeric(2)
> rangeLog10Prob[1] = -800.
> rangeLog10Prob[2] = -600.
> 
> ## Each trace or 'time-series' (statistics jargon) plot
> ##
> 
> ## From glitch this one is currently inf so commented out:
> #pdf("AutocorLogProb.pdf", onefile=FALSE, height=4.3, width=4.3 )
> #
> #log10euler = log10(exp(1.000000000000))
> #
> #plot((AutocorLogProb*log10euler),type="o",
> #xlab='Iteration Number',
> #ylab='Autocor of Log10 Post Prob',
> #pch='.',
> #cex.main=1.4,cex.lab=1.4)
> #
> #dev.off()
> 
> ## Next File:
> ##
> 
> pdf("AutocorSpinCol.pdf", onefile=FALSE, height=4.3, width=4.3 )
> 
> plot(AutocorSpinCol,type="o",
+ xlab='Iteration Number',
+ ylab='Autocor of Cycle-Spin Column',
+ pch='.',
+ main=atitle,
+ cex.main=1.4,cex.lab=1.4)
> 
> 
> dev.off()
null device 
          1 
> 
> ## Next File:
> ##
> 
> pdf("AutocorSpinRow.pdf", onefile=FALSE, height=4.3, width=4.3 )
> 
> plot(AutocorSpinRow,type="o",
+ xlab='Iteration Number',
+ ylab='Autocor of Cycle-Spin Row',
+ pch='.',
+ main=atitle,
+ cex.main=1.4,cex.lab=1.4)
> 
> 
> dev.off()
null device 
          1 
> 
> ## Next File:
> ##
> 
> pdf("AutocorHyp0.pdf", onefile=FALSE, height=4.3, width=4.3 )
> 
> plot(AutocorHyp0,type="o",
+ xlab='Iteration Number',
+ ylab='Autocor of Hyper-Param 0',
+ pch='.',
+ main=atitle,
+ cex.main=1.4,cex.lab=1.4)
> 
> 
> dev.off()
null device 
          1 
> 
> ## Next File:
> ##
> 
> pdf("AutocorHyp1.pdf", onefile=FALSE, height=4.3, width=4.3 )
> 
> plot(AutocorHyp1,type="o",
+ xlab='Iteration Number',
+ ylab='Autocor of Hyper-Param 1',
+ pch='.',
+ main=atitle,
+ cex.main=1.4,cex.lab=1.4)
> 
> 
> dev.off()
null device 
          1 
> 
> ## Next File:
> ##
> 
> pdf("AutocorHyp2.pdf", onefile=FALSE, height=4.3, width=4.3 )
> 
> plot(AutocorHyp2,type="o",
+ xlab='Iteration Number',
+ ylab='Autocor of Hyper-Param 2',
+ pch='.',
+ main=atitle,
+ cex.main=1.4,cex.lab=1.4)
> 
> 
> dev.off()
null device 
          1 
> 
> ## Next File:
> ##
> 
> pdf("AutocorHyp3.pdf", onefile=FALSE, height=4.3, width=4.3 )
> 
> 
> plot(AutocorHyp3,type="o",
+ xlab='Iteration Number',
+ ylab='Autocor of Hyper-Param 3',
+ pch='.',
+ main=atitle,
+ cex.main=1.4,cex.lab=1.4)
> 
> 
> dev.off()
null device 
          1 
> 
> ## Next File:
> ##
> 
> pdf("AutocorHyp4.pdf", onefile=FALSE, height=4.3, width=4.3 )
> 
> plot(AutocorHyp4,type="o",
+ xlab='Iteration Number',
+ ylab='Autocor of Hyper-Param 4',
+ pch='.',
+ main=atitle,
+ cex.main=1.4,cex.lab=1.4)
> 
> dev.off()
null device 
          1 
> 
> ## Next File:
> ##
> 
> pdf("AutocorMSCnts.pdf", onefile=F, height=4.3, width=4.3 )
> 
> plot(log10(AutocorExpMSCnts),type="o",
+ xlab='Iteration Number',
+ ylab='AutoCor of MS Counts',
+ pch='.',
+ main=atitle,
+ cex.main=1.4,cex.lab=1.4)
> 
> dev.off()
null device 
          1 
> 

R version 2.7.0 (2008-04-22)
Copyright (C) 2008 The R Foundation for Statistical Computing
ISBN 3-900051-07-0

R is free software and comes with ABSOLUTELY NO WARRANTY.
You are welcome to redistribute it under certain conditions.
Type 'license()' or 'licence()' for distribution details.

  Natural language support but running in an English locale

R is a collaborative project with many contributors.
Type 'contributors()' for more information and
'citation()' on how to cite R or R packages in publications.

Type 'demo()' for some demos, 'help()' for on-line help, or
'help.start()' for an HTML browser interface to help.
Type 'q()' to quit R.

> ##
> #####    Making and pdf files of the specified data
> ##
> 
> 
> infileAutoCorPar = 'PoisDatons32x32EEMC2_NoBckgrnd.autocor'
> 
> 
> AutoCorPar <- read.table(infileAutoCorPar, header = TRUE, sep = "", quote = "\"'",
+            na.strings = "NA", colClasses = NA, nrows = -1,
+            skip = 0, check.names = TRUE,
+            comment.char = "#",
+            allowEscapes = FALSE, flush = FALSE,
+            encoding = "unknown")
> 
> AutocorIter <- AutoCorPar[[1]]
> AutocorLogProb <- AutoCorPar[[2]]
> AutocorProbStep <- AutoCorPar[[3]]
> AutocorSpinRow <- AutoCorPar[[4]]
> AutocorSpinCol <- AutoCorPar[[5]]
> AutocorHyp0 <- AutoCorPar[[6]]
> AutocorHyp1 <- AutoCorPar[[7]]
> AutocorHyp2 <- AutoCorPar[[8]]
> AutocorHyp3 <- AutoCorPar[[9]]
> AutocorHyp4 <- AutoCorPar[[10]]
> AutocorExpMSCnts <- AutoCorPar[[11]]
> 
> 
> atitle = infileAutoCorPar
> xrangeAutocor <- numeric(2)
> yrangeAutocor <- numeric(2)
> xrangeAutocor[1] = 0.
> xrangeAutocor[2] = 0.4
> yrangeAutocor[1] = 0.
> yrangeAutocor[2] = 0.4
> 
> 
> rangeLog10MSCnts <- numeric(2)
> rangeLog10MSCnts[1] = 2.2
> rangeLog10MSCnts[2] = 3.4
> 
> ## No Background for this one:
> #rangeLog10BkgScale <- numeric(2)
> #rangeLog10BkgScale[1] = 0.38
> #rangeLog10BkgScale[2] = 0.42
> 
> rangeLog10Prob <- numeric(2)
> rangeLog10Prob[1] = -800.
> rangeLog10Prob[2] = -600.
> 
> ## Each trace or 'time-series' (statistics jargon) plot
> ##
> 
> ## From glitch this one is currently inf so commented out:
> #pdf("AutocorLogProb.pdf", onefile=FALSE, height=4.3, width=4.3 )
> #
> #log10euler = log10(exp(1.000000000000))
> #
> #plot((AutocorLogProb*log10euler),type="o",
> #xlab='Iteration Number',
> #ylab='Autocor of Log10 Post Prob',
> #pch='.',
> #cex.main=1.0,cex.lab=1.4)
> #
> #dev.off()
> 
> ## Next File:
> ##
> 
> pdf("AutocorSpinCol.pdf", onefile=FALSE, height=4.3, width=4.3 )
> 
> plot(AutocorSpinCol,type="o",
+ xlab='Iteration Number',
+ ylab='Autocor of Cycle-Spin Column',
+ pch='.',
+ main=atitle,
+ cex.main=1.0,cex.lab=1.4)
> 
> 
> dev.off()
null device 
          1 
> 
> ## Next File:
> ##
> 
> pdf("AutocorSpinRow.pdf", onefile=FALSE, height=4.3, width=4.3 )
> 
> plot(AutocorSpinRow,type="o",
+ xlab='Iteration Number',
+ ylab='Autocor of Cycle-Spin Row',
+ pch='.',
+ main=atitle,
+ cex.main=1.0,cex.lab=1.4)
> 
> 
> dev.off()
null device 
          1 
> 
> ## Next File:
> ##
> 
> pdf("AutocorHyp0.pdf", onefile=FALSE, height=4.3, width=4.3 )
> 
> plot(AutocorHyp0,type="o",
+ xlab='Iteration Number',
+ ylab='Autocor of Hyper-Param 0',
+ pch='.',
+ main=atitle,
+ cex.main=1.0,cex.lab=1.4)
> 
> 
> dev.off()
null device 
          1 
> 
> ## Next File:
> ##
> 
> pdf("AutocorHyp1.pdf", onefile=FALSE, height=4.3, width=4.3 )
> 
> plot(AutocorHyp1,type="o",
+ xlab='Iteration Number',
+ ylab='Autocor of Hyper-Param 1',
+ pch='.',
+ main=atitle,
+ cex.main=1.0,cex.lab=1.4)
> 
> 
> dev.off()
null device 
          1 
> 
> ## Next File:
> ##
> 
> pdf("AutocorHyp2.pdf", onefile=FALSE, height=4.3, width=4.3 )
> 
> plot(AutocorHyp2,type="o",
+ xlab='Iteration Number',
+ ylab='Autocor of Hyper-Param 2',
+ pch='.',
+ main=atitle,
+ cex.main=1.0,cex.lab=1.4)
> 
> 
> dev.off()
null device 
          1 
> 
> ## Next File:
> ##
> 
> pdf("AutocorHyp3.pdf", onefile=FALSE, height=4.3, width=4.3 )
> 
> 
> plot(AutocorHyp3,type="o",
+ xlab='Iteration Number',
+ ylab='Autocor of Hyper-Param 3',
+ pch='.',
+ main=atitle,
+ cex.main=1.0,cex.lab=1.4)
> 
> 
> dev.off()
null device 
          1 
> 
> ## Next File:
> ##
> 
> pdf("AutocorHyp4.pdf", onefile=FALSE, height=4.3, width=4.3 )
> 
> plot(AutocorHyp4,type="o",
+ xlab='Iteration Number',
+ ylab='Autocor of Hyper-Param 4',
+ pch='.',
+ main=atitle,
+ cex.main=1.0,cex.lab=1.4)
> 
> dev.off()
null device 
          1 
> 
> ## Next File:
> ##
> 
> pdf("AutocorMSCnts.pdf", onefile=F, height=4.3, width=4.3 )
> 
> plot(AutocorExpMSCnts,type="o",
+ xlab='Iteration Number',
+ ylab='AutoCor of MS Counts',
+ pch='.',
+ main=atitle,
+ cex.main=1.0,cex.lab=1.4)
> 
> dev.off()
null device 
          1 
> 

R version 2.7.0 (2008-04-22)
Copyright (C) 2008 The R Foundation for Statistical Computing
ISBN 3-900051-07-0

R is free software and comes with ABSOLUTELY NO WARRANTY.
You are welcome to redistribute it under certain conditions.
Type 'license()' or 'licence()' for distribution details.

  Natural language support but running in an English locale

R is a collaborative project with many contributors.
Type 'contributors()' for more information and
'citation()' on how to cite R or R packages in publications.

Type 'demo()' for some demos, 'help()' for on-line help, or
'help.start()' for an HTML browser interface to help.
Type 'q()' to quit R.

> ##
> #####    Making and pdf files of the specified data
> ##
> 
> 
> infileAutoCorPar = 'PoisDatons32x32EEMC2_NoBckgrnd.autocor'
> 
> 
> AutoCorPar <- read.table(infileAutoCorPar, header = TRUE, sep = "", quote = "\"'",
+            na.strings = "NA", colClasses = NA, nrows = -1,
+            skip = 0, check.names = TRUE,
+            comment.char = "#",
+            allowEscapes = FALSE, flush = FALSE,
+            encoding = "unknown")
> 
> AutocorIter <- AutoCorPar[[1]]
> AutocorLogProb <- AutoCorPar[[2]]
> AutocorProbStep <- AutoCorPar[[3]]
> AutocorSpinRow <- AutoCorPar[[4]]
> AutocorSpinCol <- AutoCorPar[[5]]
> AutocorHyp0 <- AutoCorPar[[6]]
> AutocorHyp1 <- AutoCorPar[[7]]
> AutocorHyp2 <- AutoCorPar[[8]]
> AutocorHyp3 <- AutoCorPar[[9]]
> AutocorHyp4 <- AutoCorPar[[10]]
> AutocorExpMSCnts <- AutoCorPar[[11]]
> 
> 
> atitle = infileAutoCorPar
> xrangeAutocor <- numeric(2)
> xrangeAutocor[1] = 0.
> xrangeAutocor[2] = 50.
> 
> 
> 
> ## No Background for this one:
> #rangeLog10BkgScale <- numeric(2)
> #rangeLog10BkgScale[1] = 0.38
> #rangeLog10BkgScale[2] = 0.42
> 
> rangeLog10Prob <- numeric(2)
> rangeLog10Prob[1] = -800.
> rangeLog10Prob[2] = -600.
> 
> ## Each trace or 'time-series' (statistics jargon) plot
> ##
> 
> ## From glitch this one is currently inf so commented out:
> #pdf("AutocorLogProb.pdf", onefile=FALSE, height=4.3, width=4.3 )
> #
> #log10euler = log10(exp(1.000000000000))
> #
> #plot((AutocorLogProb*log10euler),type="o",
> #xlab='Iteration Number',
> #ylab='Autocor of Log10 Post Prob',
> #xlim=xrange,
> #pch='.',
> #cex.main=1.0,cex.lab=1.4)
> #
> #dev.off()
> 
> ## Next File:
> ##
> 
> pdf("AutocorSpinCol.pdf", onefile=FALSE, height=4.3, width=4.3 )
> 
> plot(AutocorSpinCol,type="o",
+ xlab='Iteration Number',
+ ylab='Autocor of Cycle-Spin Column',
+ xlim=xrange,
+ pch='.',
+ main=atitle,
+ cex.main=1.0,cex.lab=1.4)

R version 2.7.0 (2008-04-22)
Copyright (C) 2008 The R Foundation for Statistical Computing
ISBN 3-900051-07-0

R is free software and comes with ABSOLUTELY NO WARRANTY.
You are welcome to redistribute it under certain conditions.
Type 'license()' or 'licence()' for distribution details.

  Natural language support but running in an English locale

R is a collaborative project with many contributors.
Type 'contributors()' for more information and
'citation()' on how to cite R or R packages in publications.

Type 'demo()' for some demos, 'help()' for on-line help, or
'help.start()' for an HTML browser interface to help.
Type 'q()' to quit R.

> ##
> #####    Making and pdf files of the specified data
> ##
> 
> 
> infileAutoCorPar = 'PoisDatons32x32EEMC2_NoBckgrnd.autocor'
> 
> 
> AutoCorPar <- read.table(infileAutoCorPar, header = TRUE, sep = "", quote = "\"'",
+            na.strings = "NA", colClasses = NA, nrows = -1,
+            skip = 0, check.names = TRUE,
+            comment.char = "#",
+            allowEscapes = FALSE, flush = FALSE,
+            encoding = "unknown")
> 
> AutocorIter <- AutoCorPar[[1]]
> AutocorLogProb <- AutoCorPar[[2]]
> AutocorProbStep <- AutoCorPar[[3]]
> AutocorSpinRow <- AutoCorPar[[4]]
> AutocorSpinCol <- AutoCorPar[[5]]
> AutocorHyp0 <- AutoCorPar[[6]]
> AutocorHyp1 <- AutoCorPar[[7]]
> AutocorHyp2 <- AutoCorPar[[8]]
> AutocorHyp3 <- AutoCorPar[[9]]
> AutocorHyp4 <- AutoCorPar[[10]]
> AutocorExpMSCnts <- AutoCorPar[[11]]
> 
> 
> atitle = infileAutoCorPar
> xrangeAutocor <- numeric(2)
> xrangeAutocor[1] = 0.
> xrangeAutocor[2] = 50.
> 
> 
> 
> ## No Background for this one:
> #rangeLog10BkgScale <- numeric(2)
> #rangeLog10BkgScale[1] = 0.38
> #rangeLog10BkgScale[2] = 0.42
> 
> rangeLog10Prob <- numeric(2)
> rangeLog10Prob[1] = -800.
> rangeLog10Prob[2] = -600.
> 
> ## Each trace or 'time-series' (statistics jargon) plot
> ##
> 
> ## From glitch this one is currently inf so commented out:
> #pdf("AutocorLogProb.pdf", onefile=FALSE, height=4.3, width=4.3 )
> #
> #log10euler = log10(exp(1.000000000000))
> #
> #plot((AutocorLogProb*log10euler),type="o",
> #xlab='Iteration Number',
> #ylab='Autocor of Log10 Post Prob',
> #xlim=xrangeAutocor,
> #pch='.',
> #cex.main=1.0,cex.lab=1.4)
> #
> #dev.off()
> 
> ## Next File:
> ##
> 
> pdf("AutocorSpinCol.pdf", onefile=FALSE, height=4.3, width=4.3 )
> 
> plot(AutocorSpinCol,type="o",
+ xlab='Iteration Number',
+ ylab='Autocor of Cycle-Spin Column',
+ xlim=xrangeAutocor,
+ pch='.',
+ main=atitle,
+ cex.main=1.0,cex.lab=1.4)
> 
> 
> dev.off()
null device 
          1 
> 
> ## Next File:
> ##
> 
> pdf("AutocorSpinRow.pdf", onefile=FALSE, height=4.3, width=4.3 )
> 
> plot(AutocorSpinRow,type="o",
+ xlab='Iteration Number',
+ ylab='Autocor of Cycle-Spin Row',
+ xlim=xrangeAutocor,
+ pch='.',
+ main=atitle,
+ cex.main=1.0,cex.lab=1.4)
> 
> 
> dev.off()
null device 
          1 
> 
> ## Next File:
> ##
> 
> pdf("AutocorHyp0.pdf", onefile=FALSE, height=4.3, width=4.3 )
> 
> plot(AutocorHyp0,type="o",
+ xlab='Iteration Number',
+ ylab='Autocor of Hyper-Param 0',
+ xlim=xrangeAutocor,
+ pch='.',
+ main=atitle,
+ cex.main=1.0,cex.lab=1.4)
> 
> 
> dev.off()
null device 
          1 
> 
> ## Next File:
> ##
> 
> pdf("AutocorHyp1.pdf", onefile=FALSE, height=4.3, width=4.3 )
> 
> plot(AutocorHyp1,type="o",
+ xlab='Iteration Number',
+ ylab='Autocor of Hyper-Param 1',
+ xlim=xrangeAutocor,
+ pch='.',
+ main=atitle,
+ cex.main=1.0,cex.lab=1.4)
> 
> 
> dev.off()
null device 
          1 
> 
> ## Next File:
> ##
> 
> pdf("AutocorHyp2.pdf", onefile=FALSE, height=4.3, width=4.3 )
> 
> plot(AutocorHyp2,type="o",
+ xlab='Iteration Number',
+ ylab='Autocor of Hyper-Param 2',
+ xlim=xrangeAutocor,
+ pch='.',
+ main=atitle,
+ cex.main=1.0,cex.lab=1.4)
> 
> 
> dev.off()
null device 
          1 
> 
> ## Next File:
> ##
> 
> pdf("AutocorHyp3.pdf", onefile=FALSE, height=4.3, width=4.3 )
> 
> 
> plot(AutocorHyp3,type="o",
+ xlab='Iteration Number',
+ ylab='Autocor of Hyper-Param 3',
+ xlim=xrangeAutocor,
+ pch='.',
+ main=atitle,
+ cex.main=1.0,cex.lab=1.4)
> 
> 
> dev.off()
null device 
          1 
> 
> ## Next File:
> ##
> 
> pdf("AutocorHyp4.pdf", onefile=FALSE, height=4.3, width=4.3 )
> 
> plot(AutocorHyp4,type="o",
+ xlab='Iteration Number',
+ ylab='Autocor of Hyper-Param 4',
+ xlim=xrangeAutocor,
+ pch='.',
+ main=atitle,
+ cex.main=1.0,cex.lab=1.4)
> 
> dev.off()
null device 
          1 
> 
> ## Next File:
> ##
> 
> pdf("AutocorMSCnts.pdf", onefile=F, height=4.3, width=4.3 )
> 
> plot(AutocorExpMSCnts,type="o",
+ xlab='Iteration Number',
+ ylab='AutoCor of MS Counts',
+ xlim=xrangeAutocor,
+ pch='.',
+ main=atitle,
+ cex.main=1.0,cex.lab=1.4)
> 
> dev.off()
null device 
          1 
> 

R version 2.7.0 (2008-04-22)
Copyright (C) 2008 The R Foundation for Statistical Computing
ISBN 3-900051-07-0

R is free software and comes with ABSOLUTELY NO WARRANTY.
You are welcome to redistribute it under certain conditions.
Type 'license()' or 'licence()' for distribution details.

  Natural language support but running in an English locale

R is a collaborative project with many contributors.
Type 'contributors()' for more information and
'citation()' on how to cite R or R packages in publications.

Type 'demo()' for some demos, 'help()' for on-line help, or
'help.start()' for an HTML browser interface to help.
Type 'q()' to quit R.

> ##
> #####    Making and pdf files of the specified data
> ##
> 
> 
> infileAutoCorPar = 'PoisDatons32x32EEMC2_NoBckgrnd.autocor'
> 
> 
> AutoCorPar <- read.table(infileAutoCorPar, header = TRUE, sep = "", quote = "\"'",
+            na.strings = "NA", colClasses = NA, nrows = -1,
+            skip = 0, check.names = TRUE,
+            comment.char = "#",
+            allowEscapes = FALSE, flush = FALSE,
+            encoding = "unknown")
> 
> AutocorIter <- AutoCorPar[[1]]
> AutocorLogProb <- AutoCorPar[[2]]
> AutocorProbStep <- AutoCorPar[[3]]
> AutocorSpinRow <- AutoCorPar[[4]]
> AutocorSpinCol <- AutoCorPar[[5]]
> AutocorHyp0 <- AutoCorPar[[6]]
> AutocorHyp1 <- AutoCorPar[[7]]
> AutocorHyp2 <- AutoCorPar[[8]]
> AutocorHyp3 <- AutoCorPar[[9]]
> AutocorHyp4 <- AutoCorPar[[10]]
> AutocorExpMSCnts <- AutoCorPar[[11]]
> 
> 
> atitle = infileAutoCorPar
> xrangeAutocor <- numeric(2)
> xrangeAutocor[1] = 0.
> xrangeAutocor[2] = 50.
> 
> 
> 
> ## No Background for this one:
> #rangeLog10BkgScale <- numeric(2)
> #rangeLog10BkgScale[1] = 0.38
> #rangeLog10BkgScale[2] = 0.42
> 
> rangeLog10Prob <- numeric(2)
> rangeLog10Prob[1] = -800.
> rangeLog10Prob[2] = -600.
> 
> ## Each trace or 'time-series' (statistics jargon) plot
> ##
> 
> pdf("AutocorLogProb.pdf", onefile=FALSE, height=4.3, width=4.3 )
> 
> log10euler = log10(exp(1.000000000000))
> 
> plot((AutocorLogProb*log10euler),type="o",
+ xlab='Iteration Number',
+ ylab='Autocor of Log10 Post Prob',
+ xlim=xrangeAutocor,
+ pch='.',
+ cex.main=1.0,cex.lab=1.4)
